{"C:\\Users\\Rafi Pratama\\Desktop\\Ally-Doc\\server\\services\\doctors\\app.js": {"path":"C:\\Users\\Rafi Pratama\\Desktop\\Ally-Doc\\server\\services\\doctors\\app.js","statementMap":{"0":{"start":{"line":1,"column":0},"end":{"line":1,"column":26}},"1":{"start":{"line":2,"column":16},"end":{"line":2,"column":34}},"2":{"start":{"line":3,"column":12},"end":{"line":3,"column":21}},"3":{"start":{"line":4,"column":13},"end":{"line":4,"column":37}},"4":{"start":{"line":5,"column":13},"end":{"line":5,"column":28}},"5":{"start":{"line":7,"column":22},"end":{"line":7,"column":59}},"6":{"start":{"line":8,"column":15},"end":{"line":8,"column":40}},"7":{"start":{"line":10,"column":0},"end":{"line":10,"column":15}},"8":{"start":{"line":11,"column":0},"end":{"line":11,"column":45}},"9":{"start":{"line":12,"column":0},"end":{"line":12,"column":23}},"10":{"start":{"line":14,"column":0},"end":{"line":14,"column":15}},"11":{"start":{"line":15,"column":0},"end":{"line":15,"column":22}},"12":{"start":{"line":19,"column":0},"end":{"line":19,"column":20}}},"fnMap":{},"branchMap":{"0":{"loc":{"start":{"line":4,"column":13},"end":{"line":4,"column":37}},"type":"binary-expr","locations":[{"start":{"line":4,"column":13},"end":{"line":4,"column":29}},{"start":{"line":4,"column":33},"end":{"line":4,"column":37}}],"line":4}},"s":{"0":2,"1":2,"2":2,"3":2,"4":2,"5":2,"6":2,"7":2,"8":2,"9":2,"10":2,"11":2,"12":2},"f":{},"b":{"0":[2,0]},"_coverageSchema":"1a1c01bbd47fc00a2c39e90264f33305004495a9","hash":"f1b3cfe27b9b14d5f9ff5e764fa8cab5dfb6e459"}
,"C:\\Users\\Rafi Pratama\\Desktop\\Ally-Doc\\server\\services\\doctors\\Controller\\ControllerDoctor.js": {"path":"C:\\Users\\Rafi Pratama\\Desktop\\Ally-Doc\\server\\services\\doctors\\Controller\\ControllerDoctor.js","statementMap":{"0":{"start":{"line":1,"column":15},"end":{"line":1,"column":47}},"1":{"start":{"line":2,"column":34},"end":{"line":2,"column":61}},"2":{"start":{"line":3,"column":12},"end":{"line":3,"column":35}},"3":{"start":{"line":7,"column":4},"end":{"line":63,"column":5}},"4":{"start":{"line":8,"column":31},"end":{"line":8,"column":42}},"5":{"start":{"line":9,"column":23},"end":{"line":9,"column":71}},"6":{"start":{"line":10,"column":6},"end":{"line":37,"column":7}},"7":{"start":{"line":12,"column":10},"end":{"line":12,"column":18}},"8":{"start":{"line":14,"column":8},"end":{"line":14,"column":61}},"9":{"start":{"line":15,"column":21},"end":{"line":24,"column":10}},"10":{"start":{"line":25,"column":8},"end":{"line":34,"column":9}},"11":{"start":{"line":29,"column":31},"end":{"line":32,"column":11}},"12":{"start":{"line":33,"column":10},"end":{"line":33,"column":77}},"13":{"start":{"line":36,"column":8},"end":{"line":36,"column":60}},"14":{"start":{"line":39,"column":6},"end":{"line":39,"column":54}},"15":{"start":{"line":40,"column":6},"end":{"line":46,"column":7}},"16":{"start":{"line":41,"column":28},"end":{"line":41,"column":30}},"17":{"start":{"line":42,"column":8},"end":{"line":44,"column":9}},"18":{"start":{"line":43,"column":10},"end":{"line":43,"column":54}},"19":{"start":{"line":45,"column":8},"end":{"line":45,"column":63}},"20":{"start":{"line":47,"column":6},"end":{"line":52,"column":7}},"21":{"start":{"line":53,"column":6},"end":{"line":56,"column":7}},"22":{"start":{"line":54,"column":8},"end":{"line":54,"column":23}},"23":{"start":{"line":55,"column":8},"end":{"line":55,"column":41}},"24":{"start":{"line":57,"column":19},"end":{"line":57,"column":27}},"25":{"start":{"line":58,"column":22},"end":{"line":58,"column":33}},"26":{"start":{"line":59,"column":6},"end":{"line":62,"column":9}},"27":{"start":{"line":66,"column":4},"end":{"line":75,"column":5}},"28":{"start":{"line":67,"column":19},"end":{"line":67,"column":57}},"29":{"start":{"line":68,"column":6},"end":{"line":68,"column":33}},"30":{"start":{"line":79,"column":4},"end":{"line":104,"column":5}},"31":{"start":{"line":80,"column":22},"end":{"line":80,"column":32}},"32":{"start":{"line":81,"column":6},"end":{"line":81,"column":23}},"33":{"start":{"line":83,"column":8},"end":{"line":83,"column":41}},"34":{"start":{"line":84,"column":6},"end":{"line":91,"column":7}},"35":{"start":{"line":85,"column":8},"end":{"line":87,"column":80}},"36":{"start":{"line":94,"column":6},"end":{"line":97,"column":7}},"37":{"start":{"line":96,"column":8},"end":{"line":96,"column":55}},"38":{"start":{"line":98,"column":19},"end":{"line":98,"column":27}},"39":{"start":{"line":99,"column":22},"end":{"line":99,"column":33}},"40":{"start":{"line":100,"column":6},"end":{"line":103,"column":9}},"41":{"start":{"line":108,"column":4},"end":{"line":154,"column":5}},"42":{"start":{"line":109,"column":22},"end":{"line":109,"column":32}},"43":{"start":{"line":110,"column":67},"end":{"line":110,"column":75}},"44":{"start":{"line":111,"column":6},"end":{"line":143,"column":7}},"45":{"start":{"line":112,"column":8},"end":{"line":112,"column":74}},"46":{"start":{"line":112,"column":20},"end":{"line":112,"column":74}},"47":{"start":{"line":113,"column":8},"end":{"line":113,"column":80}},"48":{"start":{"line":113,"column":23},"end":{"line":113,"column":80}},"49":{"start":{"line":114,"column":8},"end":{"line":114,"column":78}},"50":{"start":{"line":114,"column":22},"end":{"line":114,"column":78}},"51":{"start":{"line":115,"column":8},"end":{"line":115,"column":74}},"52":{"start":{"line":115,"column":20},"end":{"line":115,"column":74}},"53":{"start":{"line":116,"column":8},"end":{"line":116,"column":74}},"54":{"start":{"line":116,"column":20},"end":{"line":116,"column":74}},"55":{"start":{"line":117,"column":8},"end":{"line":118,"column":69}},"56":{"start":{"line":118,"column":10},"end":{"line":118,"column":69}},"57":{"start":{"line":120,"column":21},"end":{"line":132,"column":9}},"58":{"start":{"line":133,"column":8},"end":{"line":142,"column":9}},"59":{"start":{"line":134,"column":23},"end":{"line":134,"column":56}},"60":{"start":{"line":135,"column":10},"end":{"line":135,"column":28}},"61":{"start":{"line":136,"column":10},"end":{"line":138,"column":74}},"62":{"start":{"line":145,"column":6},"end":{"line":147,"column":7}},"63":{"start":{"line":146,"column":8},"end":{"line":146,"column":55}},"64":{"start":{"line":148,"column":19},"end":{"line":148,"column":27}},"65":{"start":{"line":149,"column":22},"end":{"line":149,"column":33}},"66":{"start":{"line":150,"column":6},"end":{"line":153,"column":9}},"67":{"start":{"line":158,"column":4},"end":{"line":182,"column":5}},"68":{"start":{"line":159,"column":31},"end":{"line":159,"column":42}},"69":{"start":{"line":160,"column":23},"end":{"line":160,"column":71}},"70":{"start":{"line":161,"column":6},"end":{"line":167,"column":7}},"71":{"start":{"line":162,"column":24},"end":{"line":162,"column":34}},"72":{"start":{"line":163,"column":8},"end":{"line":163,"column":40}},"73":{"start":{"line":164,"column":8},"end":{"line":164,"column":63}},"74":{"start":{"line":166,"column":8},"end":{"line":166,"column":60}},"75":{"start":{"line":169,"column":6},"end":{"line":172,"column":7}},"76":{"start":{"line":170,"column":8},"end":{"line":170,"column":23}},"77":{"start":{"line":171,"column":8},"end":{"line":171,"column":44}},"78":{"start":{"line":173,"column":6},"end":{"line":175,"column":7}},"79":{"start":{"line":174,"column":8},"end":{"line":174,"column":55}},"80":{"start":{"line":176,"column":19},"end":{"line":176,"column":27}},"81":{"start":{"line":177,"column":22},"end":{"line":177,"column":33}},"82":{"start":{"line":178,"column":6},"end":{"line":181,"column":9}},"83":{"start":{"line":186,"column":4},"end":{"line":223,"column":5}},"84":{"start":{"line":187,"column":34},"end":{"line":187,"column":42}},"85":{"start":{"line":188,"column":19},"end":{"line":188,"column":50}},"86":{"start":{"line":189,"column":6},"end":{"line":210,"column":7}},"87":{"start":{"line":190,"column":21},"end":{"line":190,"column":57}},"88":{"start":{"line":191,"column":8},"end":{"line":207,"column":9}},"89":{"start":{"line":192,"column":10},"end":{"line":195,"column":12}},"90":{"start":{"line":196,"column":31},"end":{"line":203,"column":11}},"91":{"start":{"line":204,"column":10},"end":{"line":204,"column":62}},"92":{"start":{"line":206,"column":10},"end":{"line":206,"column":54}},"93":{"start":{"line":209,"column":8},"end":{"line":209,"column":64}},"94":{"start":{"line":212,"column":6},"end":{"line":212,"column":23}},"95":{"start":{"line":213,"column":6},"end":{"line":216,"column":7}},"96":{"start":{"line":214,"column":8},"end":{"line":214,"column":23}},"97":{"start":{"line":215,"column":8},"end":{"line":215,"column":45}},"98":{"start":{"line":217,"column":19},"end":{"line":217,"column":27}},"99":{"start":{"line":218,"column":22},"end":{"line":218,"column":33}},"100":{"start":{"line":219,"column":6},"end":{"line":222,"column":9}},"101":{"start":{"line":227,"column":4},"end":{"line":252,"column":5}},"102":{"start":{"line":228,"column":25},"end":{"line":228,"column":33}},"103":{"start":{"line":229,"column":22},"end":{"line":229,"column":32}},"104":{"start":{"line":230,"column":6},"end":{"line":240,"column":7}},"105":{"start":{"line":231,"column":8},"end":{"line":231,"column":63}},"106":{"start":{"line":233,"column":21},"end":{"line":233,"column":54}},"107":{"start":{"line":234,"column":8},"end":{"line":239,"column":9}},"108":{"start":{"line":235,"column":27},"end":{"line":235,"column":80}},"109":{"start":{"line":236,"column":10},"end":{"line":236,"column":65}},"110":{"start":{"line":238,"column":10},"end":{"line":238,"column":57}},"111":{"start":{"line":242,"column":6},"end":{"line":242,"column":23}},"112":{"start":{"line":243,"column":6},"end":{"line":245,"column":7}},"113":{"start":{"line":244,"column":8},"end":{"line":244,"column":55}},"114":{"start":{"line":246,"column":19},"end":{"line":246,"column":27}},"115":{"start":{"line":247,"column":22},"end":{"line":247,"column":33}},"116":{"start":{"line":248,"column":6},"end":{"line":251,"column":9}},"117":{"start":{"line":256,"column":4},"end":{"line":280,"column":5}},"118":{"start":{"line":257,"column":22},"end":{"line":257,"column":32}},"119":{"start":{"line":258,"column":24},"end":{"line":258,"column":32}},"120":{"start":{"line":259,"column":6},"end":{"line":269,"column":7}},"121":{"start":{"line":260,"column":21},"end":{"line":260,"column":54}},"122":{"start":{"line":261,"column":8},"end":{"line":266,"column":9}},"123":{"start":{"line":262,"column":27},"end":{"line":262,"column":79}},"124":{"start":{"line":263,"column":10},"end":{"line":263,"column":68}},"125":{"start":{"line":265,"column":10},"end":{"line":265,"column":57}},"126":{"start":{"line":268,"column":8},"end":{"line":268,"column":62}},"127":{"start":{"line":271,"column":6},"end":{"line":273,"column":7}},"128":{"start":{"line":272,"column":8},"end":{"line":272,"column":55}},"129":{"start":{"line":274,"column":19},"end":{"line":274,"column":27}},"130":{"start":{"line":275,"column":22},"end":{"line":275,"column":33}},"131":{"start":{"line":276,"column":6},"end":{"line":279,"column":9}},"132":{"start":{"line":284,"column":0},"end":{"line":284,"column":34}}},"fnMap":{"0":{"name":"(anonymous_0)","decl":{"start":{"line":6,"column":2},"end":{"line":6,"column":3}},"loc":{"start":{"line":6,"column":44},"end":{"line":64,"column":3}},"line":6},"1":{"name":"(anonymous_1)","decl":{"start":{"line":65,"column":2},"end":{"line":65,"column":3}},"loc":{"start":{"line":65,"column":44},"end":{"line":76,"column":3}},"line":65},"2":{"name":"(anonymous_2)","decl":{"start":{"line":78,"column":2},"end":{"line":78,"column":3}},"loc":{"start":{"line":78,"column":43},"end":{"line":105,"column":3}},"line":78},"3":{"name":"(anonymous_3)","decl":{"start":{"line":107,"column":2},"end":{"line":107,"column":3}},"loc":{"start":{"line":107,"column":44},"end":{"line":155,"column":3}},"line":107},"4":{"name":"(anonymous_4)","decl":{"start":{"line":157,"column":2},"end":{"line":157,"column":3}},"loc":{"start":{"line":157,"column":44},"end":{"line":183,"column":3}},"line":157},"5":{"name":"(anonymous_5)","decl":{"start":{"line":185,"column":2},"end":{"line":185,"column":3}},"loc":{"start":{"line":185,"column":43},"end":{"line":224,"column":3}},"line":185},"6":{"name":"(anonymous_6)","decl":{"start":{"line":226,"column":2},"end":{"line":226,"column":3}},"loc":{"start":{"line":226,"column":43},"end":{"line":253,"column":3}},"line":226},"7":{"name":"(anonymous_7)","decl":{"start":{"line":255,"column":2},"end":{"line":255,"column":3}},"loc":{"start":{"line":255,"column":42},"end":{"line":281,"column":3}},"line":255}},"branchMap":{"0":{"loc":{"start":{"line":10,"column":6},"end":{"line":37,"column":7}},"type":"if","locations":[{"start":{"line":10,"column":6},"end":{"line":37,"column":7}},{"start":{"line":10,"column":6},"end":{"line":37,"column":7}}],"line":10},"1":{"loc":{"start":{"line":14,"column":19},"end":{"line":14,"column":60}},"type":"cond-expr","locations":[{"start":{"line":14,"column":30},"end":{"line":14,"column":48}},{"start":{"line":14,"column":51},"end":{"line":14,"column":60}}],"line":14},"2":{"loc":{"start":{"line":25,"column":8},"end":{"line":34,"column":9}},"type":"if","locations":[{"start":{"line":25,"column":8},"end":{"line":34,"column":9}},{"start":{"line":25,"column":8},"end":{"line":34,"column":9}}],"line":25},"3":{"loc":{"start":{"line":40,"column":6},"end":{"line":46,"column":7}},"type":"if","locations":[{"start":{"line":40,"column":6},"end":{"line":46,"column":7}},{"start":{"line":40,"column":6},"end":{"line":46,"column":7}}],"line":40},"4":{"loc":{"start":{"line":47,"column":6},"end":{"line":52,"column":7}},"type":"if","locations":[{"start":{"line":47,"column":6},"end":{"line":52,"column":7}},{"start":{"line":47,"column":6},"end":{"line":52,"column":7}}],"line":47},"5":{"loc":{"start":{"line":53,"column":6},"end":{"line":56,"column":7}},"type":"if","locations":[{"start":{"line":53,"column":6},"end":{"line":56,"column":7}},{"start":{"line":53,"column":6},"end":{"line":56,"column":7}}],"line":53},"6":{"loc":{"start":{"line":84,"column":6},"end":{"line":91,"column":7}},"type":"if","locations":[{"start":{"line":84,"column":6},"end":{"line":91,"column":7}},{"start":{"line":84,"column":6},"end":{"line":91,"column":7}}],"line":84},"7":{"loc":{"start":{"line":94,"column":6},"end":{"line":97,"column":7}},"type":"if","locations":[{"start":{"line":94,"column":6},"end":{"line":97,"column":7}},{"start":{"line":94,"column":6},"end":{"line":97,"column":7}}],"line":94},"8":{"loc":{"start":{"line":111,"column":6},"end":{"line":143,"column":7}},"type":"if","locations":[{"start":{"line":111,"column":6},"end":{"line":143,"column":7}},{"start":{"line":111,"column":6},"end":{"line":143,"column":7}}],"line":111},"9":{"loc":{"start":{"line":111,"column":10},"end":{"line":111,"column":76}},"type":"binary-expr","locations":[{"start":{"line":111,"column":10},"end":{"line":111,"column":16}},{"start":{"line":111,"column":20},"end":{"line":111,"column":29}},{"start":{"line":111,"column":33},"end":{"line":111,"column":44}},{"start":{"line":111,"column":48},"end":{"line":111,"column":56}},{"start":{"line":111,"column":60},"end":{"line":111,"column":66}},{"start":{"line":111,"column":70},"end":{"line":111,"column":76}}],"line":111},"10":{"loc":{"start":{"line":112,"column":8},"end":{"line":112,"column":74}},"type":"if","locations":[{"start":{"line":112,"column":8},"end":{"line":112,"column":74}},{"start":{"line":112,"column":8},"end":{"line":112,"column":74}}],"line":112},"11":{"loc":{"start":{"line":113,"column":8},"end":{"line":113,"column":80}},"type":"if","locations":[{"start":{"line":113,"column":8},"end":{"line":113,"column":80}},{"start":{"line":113,"column":8},"end":{"line":113,"column":80}}],"line":113},"12":{"loc":{"start":{"line":114,"column":8},"end":{"line":114,"column":78}},"type":"if","locations":[{"start":{"line":114,"column":8},"end":{"line":114,"column":78}},{"start":{"line":114,"column":8},"end":{"line":114,"column":78}}],"line":114},"13":{"loc":{"start":{"line":115,"column":8},"end":{"line":115,"column":74}},"type":"if","locations":[{"start":{"line":115,"column":8},"end":{"line":115,"column":74}},{"start":{"line":115,"column":8},"end":{"line":115,"column":74}}],"line":115},"14":{"loc":{"start":{"line":116,"column":8},"end":{"line":116,"column":74}},"type":"if","locations":[{"start":{"line":116,"column":8},"end":{"line":116,"column":74}},{"start":{"line":116,"column":8},"end":{"line":116,"column":74}}],"line":116},"15":{"loc":{"start":{"line":117,"column":8},"end":{"line":118,"column":69}},"type":"if","locations":[{"start":{"line":117,"column":8},"end":{"line":118,"column":69}},{"start":{"line":117,"column":8},"end":{"line":118,"column":69}}],"line":117},"16":{"loc":{"start":{"line":133,"column":8},"end":{"line":142,"column":9}},"type":"if","locations":[{"start":{"line":133,"column":8},"end":{"line":142,"column":9}},{"start":{"line":133,"column":8},"end":{"line":142,"column":9}}],"line":133},"17":{"loc":{"start":{"line":145,"column":6},"end":{"line":147,"column":7}},"type":"if","locations":[{"start":{"line":145,"column":6},"end":{"line":147,"column":7}},{"start":{"line":145,"column":6},"end":{"line":147,"column":7}}],"line":145},"18":{"loc":{"start":{"line":161,"column":6},"end":{"line":167,"column":7}},"type":"if","locations":[{"start":{"line":161,"column":6},"end":{"line":167,"column":7}},{"start":{"line":161,"column":6},"end":{"line":167,"column":7}}],"line":161},"19":{"loc":{"start":{"line":169,"column":6},"end":{"line":172,"column":7}},"type":"if","locations":[{"start":{"line":169,"column":6},"end":{"line":172,"column":7}},{"start":{"line":169,"column":6},"end":{"line":172,"column":7}}],"line":169},"20":{"loc":{"start":{"line":173,"column":6},"end":{"line":175,"column":7}},"type":"if","locations":[{"start":{"line":173,"column":6},"end":{"line":175,"column":7}},{"start":{"line":173,"column":6},"end":{"line":175,"column":7}}],"line":173},"21":{"loc":{"start":{"line":189,"column":6},"end":{"line":210,"column":7}},"type":"if","locations":[{"start":{"line":189,"column":6},"end":{"line":210,"column":7}},{"start":{"line":189,"column":6},"end":{"line":210,"column":7}}],"line":189},"22":{"loc":{"start":{"line":191,"column":8},"end":{"line":207,"column":9}},"type":"if","locations":[{"start":{"line":191,"column":8},"end":{"line":207,"column":9}},{"start":{"line":191,"column":8},"end":{"line":207,"column":9}}],"line":191},"23":{"loc":{"start":{"line":213,"column":6},"end":{"line":216,"column":7}},"type":"if","locations":[{"start":{"line":213,"column":6},"end":{"line":216,"column":7}},{"start":{"line":213,"column":6},"end":{"line":216,"column":7}}],"line":213},"24":{"loc":{"start":{"line":230,"column":6},"end":{"line":240,"column":7}},"type":"if","locations":[{"start":{"line":230,"column":6},"end":{"line":240,"column":7}},{"start":{"line":230,"column":6},"end":{"line":240,"column":7}}],"line":230},"25":{"loc":{"start":{"line":234,"column":8},"end":{"line":239,"column":9}},"type":"if","locations":[{"start":{"line":234,"column":8},"end":{"line":239,"column":9}},{"start":{"line":234,"column":8},"end":{"line":239,"column":9}}],"line":234},"26":{"loc":{"start":{"line":243,"column":6},"end":{"line":245,"column":7}},"type":"if","locations":[{"start":{"line":243,"column":6},"end":{"line":245,"column":7}},{"start":{"line":243,"column":6},"end":{"line":245,"column":7}}],"line":243},"27":{"loc":{"start":{"line":259,"column":6},"end":{"line":269,"column":7}},"type":"if","locations":[{"start":{"line":259,"column":6},"end":{"line":269,"column":7}},{"start":{"line":259,"column":6},"end":{"line":269,"column":7}}],"line":259},"28":{"loc":{"start":{"line":261,"column":8},"end":{"line":266,"column":9}},"type":"if","locations":[{"start":{"line":261,"column":8},"end":{"line":266,"column":9}},{"start":{"line":261,"column":8},"end":{"line":266,"column":9}}],"line":261},"29":{"loc":{"start":{"line":271,"column":6},"end":{"line":273,"column":7}},"type":"if","locations":[{"start":{"line":271,"column":6},"end":{"line":273,"column":7}},{"start":{"line":271,"column":6},"end":{"line":273,"column":7}}],"line":271}},"s":{"0":2,"1":2,"2":2,"3":10,"4":10,"5":10,"6":9,"7":8,"8":8,"9":8,"10":1,"11":1,"12":1,"13":1,"14":9,"15":9,"16":7,"17":7,"18":7,"19":7,"20":9,"21":9,"22":1,"23":1,"24":9,"25":9,"26":9,"27":1,"28":1,"29":1,"30":3,"31":3,"32":3,"33":3,"34":1,"35":1,"36":2,"37":2,"38":2,"39":2,"40":2,"41":8,"42":8,"43":8,"44":8,"45":6,"46":1,"47":5,"48":1,"49":4,"50":1,"51":3,"52":1,"53":2,"54":1,"55":1,"56":1,"57":2,"58":1,"59":1,"60":1,"61":1,"62":7,"63":1,"64":7,"65":7,"66":7,"67":4,"68":4,"69":4,"70":3,"71":2,"72":2,"73":1,"74":1,"75":3,"76":1,"77":1,"78":3,"79":1,"80":3,"81":3,"82":3,"83":4,"84":4,"85":4,"86":4,"87":3,"88":2,"89":1,"90":1,"91":1,"92":1,"93":1,"94":3,"95":3,"96":1,"97":1,"98":3,"99":3,"100":3,"101":4,"102":4,"103":4,"104":4,"105":1,"106":3,"107":2,"108":1,"109":1,"110":1,"111":3,"112":3,"113":1,"114":3,"115":3,"116":3,"117":4,"118":4,"119":4,"120":4,"121":3,"122":2,"123":1,"124":1,"125":1,"126":1,"127":3,"128":1,"129":3,"130":3,"131":3,"132":2},"f":{"0":10,"1":1,"2":3,"3":8,"4":4,"5":4,"6":4,"7":4},"b":{"0":[8,1],"1":[7,1],"2":[0,1],"3":[7,2],"4":[0,9],"5":[1,8],"6":[1,0],"7":[2,0],"8":[6,2],"9":[8,7,6,5,4,3],"10":[1,5],"11":[1,4],"12":[1,3],"13":[1,2],"14":[1,1],"15":[1,0],"16":[1,0],"17":[1,6],"18":[2,1],"19":[1,2],"20":[1,2],"21":[3,1],"22":[1,1],"23":[1,2],"24":[1,3],"25":[1,1],"26":[1,2],"27":[3,1],"28":[1,1],"29":[1,2]},"_coverageSchema":"1a1c01bbd47fc00a2c39e90264f33305004495a9","hash":"09bb500ede55d664f6e0814237d4ff6cd0b46a25"}
,"C:\\Users\\Rafi Pratama\\Desktop\\Ally-Doc\\server\\services\\doctors\\Controller\\ControllerHistory.js": {"path":"C:\\Users\\Rafi Pratama\\Desktop\\Ally-Doc\\server\\services\\doctors\\Controller\\ControllerHistory.js","statementMap":{"0":{"start":{"line":1,"column":16},"end":{"line":1,"column":49}},"1":{"start":{"line":5,"column":8},"end":{"line":15,"column":9}},"2":{"start":{"line":6,"column":23},"end":{"line":6,"column":43}},"3":{"start":{"line":7,"column":10},"end":{"line":7,"column":37}},"4":{"start":{"line":9,"column":12},"end":{"line":9,"column":36}},"5":{"start":{"line":18,"column":8},"end":{"line":42,"column":9}},"6":{"start":{"line":19,"column":114},"end":{"line":19,"column":122}},"7":{"start":{"line":20,"column":23},"end":{"line":20,"column":163}},"8":{"start":{"line":21,"column":10},"end":{"line":26,"column":11}},"9":{"start":{"line":22,"column":12},"end":{"line":22,"column":39}},"10":{"start":{"line":28,"column":12},"end":{"line":28,"column":36}},"11":{"start":{"line":29,"column":12},"end":{"line":35,"column":15}},"12":{"start":{"line":30,"column":36},"end":{"line":30,"column":38}},"13":{"start":{"line":31,"column":16},"end":{"line":33,"column":17}},"14":{"start":{"line":32,"column":18},"end":{"line":32,"column":62}},"15":{"start":{"line":34,"column":16},"end":{"line":34,"column":71}},"16":{"start":{"line":36,"column":23},"end":{"line":36,"column":31}},"17":{"start":{"line":37,"column":26},"end":{"line":37,"column":37}},"18":{"start":{"line":38,"column":10},"end":{"line":41,"column":13}},"19":{"start":{"line":45,"column":8},"end":{"line":69,"column":9}},"20":{"start":{"line":46,"column":29},"end":{"line":46,"column":37}},"21":{"start":{"line":47,"column":26},"end":{"line":47,"column":36}},"22":{"start":{"line":48,"column":10},"end":{"line":60,"column":11}},"23":{"start":{"line":49,"column":25},"end":{"line":56,"column":13}},"24":{"start":{"line":57,"column":12},"end":{"line":57,"column":45}},"25":{"start":{"line":59,"column":12},"end":{"line":59,"column":67}},"26":{"start":{"line":62,"column":12},"end":{"line":62,"column":36}},"27":{"start":{"line":63,"column":23},"end":{"line":63,"column":31}},"28":{"start":{"line":64,"column":26},"end":{"line":64,"column":37}},"29":{"start":{"line":65,"column":10},"end":{"line":68,"column":13}},"30":{"start":{"line":73,"column":0},"end":{"line":73,"column":34}}},"fnMap":{"0":{"name":"(anonymous_0)","decl":{"start":{"line":4,"column":4},"end":{"line":4,"column":5}},"loc":{"start":{"line":4,"column":44},"end":{"line":16,"column":7}},"line":4},"1":{"name":"(anonymous_1)","decl":{"start":{"line":17,"column":6},"end":{"line":17,"column":7}},"loc":{"start":{"line":17,"column":47},"end":{"line":43,"column":7}},"line":17},"2":{"name":"(anonymous_2)","decl":{"start":{"line":44,"column":6},"end":{"line":44,"column":7}},"loc":{"start":{"line":44,"column":54},"end":{"line":70,"column":7}},"line":44}},"branchMap":{"0":{"loc":{"start":{"line":21,"column":10},"end":{"line":26,"column":11}},"type":"if","locations":[{"start":{"line":21,"column":10},"end":{"line":26,"column":11}},{"start":{"line":21,"column":10},"end":{"line":26,"column":11}}],"line":21},"1":{"loc":{"start":{"line":29,"column":12},"end":{"line":35,"column":15}},"type":"if","locations":[{"start":{"line":29,"column":12},"end":{"line":35,"column":15}},{"start":{"line":29,"column":12},"end":{"line":35,"column":15}}],"line":29},"2":{"loc":{"start":{"line":48,"column":10},"end":{"line":60,"column":11}},"type":"if","locations":[{"start":{"line":48,"column":10},"end":{"line":60,"column":11}},{"start":{"line":48,"column":10},"end":{"line":60,"column":11}}],"line":48}},"s":{"0":2,"1":1,"2":1,"3":1,"4":0,"5":9,"6":9,"7":9,"8":1,"9":1,"10":8,"11":8,"12":8,"13":8,"14":8,"15":8,"16":8,"17":8,"18":8,"19":2,"20":2,"21":2,"22":2,"23":1,"24":1,"25":1,"26":1,"27":1,"28":1,"29":1,"30":2},"f":{"0":1,"1":9,"2":2},"b":{"0":[1,0],"1":[8,0],"2":[1,1]},"_coverageSchema":"1a1c01bbd47fc00a2c39e90264f33305004495a9","hash":"c944abde36e0fb70a3186d3dd35f1caf9219809f"}
,"C:\\Users\\Rafi Pratama\\Desktop\\Ally-Doc\\server\\services\\doctors\\Helper\\Bcrypt.js": {"path":"C:\\Users\\Rafi Pratama\\Desktop\\Ally-Doc\\server\\services\\doctors\\Helper\\Bcrypt.js","statementMap":{"0":{"start":{"line":1,"column":15},"end":{"line":1,"column":34}},"1":{"start":{"line":4,"column":4},"end":{"line":4,"column":39}},"2":{"start":{"line":8,"column":4},"end":{"line":8,"column":45}},"3":{"start":{"line":11,"column":0},"end":{"line":11,"column":42}}},"fnMap":{"0":{"name":"hashSync","decl":{"start":{"line":3,"column":9},"end":{"line":3,"column":17}},"loc":{"start":{"line":3,"column":27},"end":{"line":5,"column":1}},"line":3},"1":{"name":"compareSync","decl":{"start":{"line":7,"column":9},"end":{"line":7,"column":20}},"loc":{"start":{"line":7,"column":36},"end":{"line":9,"column":1}},"line":7}},"branchMap":{},"s":{"0":2,"1":7,"2":3,"3":2},"f":{"0":7,"1":3},"b":{},"_coverageSchema":"1a1c01bbd47fc00a2c39e90264f33305004495a9","hash":"e7d627ae0e2cccf575c4ed59eebf8776f6275647"}
,"C:\\Users\\Rafi Pratama\\Desktop\\Ally-Doc\\server\\services\\doctors\\Middleware\\authenthication.js": {"path":"C:\\Users\\Rafi Pratama\\Desktop\\Ally-Doc\\server\\services\\doctors\\Middleware\\authenthication.js","statementMap":{"0":{"start":{"line":1,"column":12},"end":{"line":1,"column":35}},"1":{"start":{"line":4,"column":4},"end":{"line":22,"column":5}},"2":{"start":{"line":5,"column":29},"end":{"line":5,"column":40}},"3":{"start":{"line":6,"column":24},"end":{"line":6,"column":72}},"4":{"start":{"line":7,"column":8},"end":{"line":11,"column":9}},"5":{"start":{"line":8,"column":12},"end":{"line":8,"column":18}},"6":{"start":{"line":10,"column":12},"end":{"line":10,"column":62}},"7":{"start":{"line":17,"column":21},"end":{"line":17,"column":29}},"8":{"start":{"line":18,"column":24},"end":{"line":18,"column":35}},"9":{"start":{"line":19,"column":8},"end":{"line":21,"column":10}},"10":{"start":{"line":25,"column":0},"end":{"line":25,"column":29}}},"fnMap":{"0":{"name":"authenDoctor","decl":{"start":{"line":3,"column":9},"end":{"line":3,"column":21}},"loc":{"start":{"line":3,"column":38},"end":{"line":23,"column":1}},"line":3}},"branchMap":{"0":{"loc":{"start":{"line":7,"column":8},"end":{"line":11,"column":9}},"type":"if","locations":[{"start":{"line":7,"column":8},"end":{"line":11,"column":9}},{"start":{"line":7,"column":8},"end":{"line":11,"column":9}}],"line":7}},"s":{"0":2,"1":5,"2":5,"3":5,"4":5,"5":3,"6":2,"7":2,"8":2,"9":2,"10":2},"f":{"0":5},"b":{"0":[3,2]},"_coverageSchema":"1a1c01bbd47fc00a2c39e90264f33305004495a9","hash":"89d851c8220e3058df8735dc34551bf327d3c5e0"}
,"C:\\Users\\Rafi Pratama\\Desktop\\Ally-Doc\\server\\services\\doctors\\Middleware\\errorHandling.js": {"path":"C:\\Users\\Rafi Pratama\\Desktop\\Ally-Doc\\server\\services\\doctors\\Middleware\\errorHandling.js","statementMap":{"0":{"start":{"line":1,"column":22},"end":{"line":21,"column":1}},"1":{"start":{"line":3,"column":20},"end":{"line":3,"column":31}},"2":{"start":{"line":4,"column":17},"end":{"line":4,"column":32}},"3":{"start":{"line":5,"column":4},"end":{"line":20,"column":5}},"4":{"start":{"line":7,"column":12},"end":{"line":7,"column":44}},"5":{"start":{"line":8,"column":12},"end":{"line":8,"column":18}},"6":{"start":{"line":10,"column":12},"end":{"line":10,"column":44}},"7":{"start":{"line":11,"column":12},"end":{"line":11,"column":18}},"8":{"start":{"line":16,"column":12},"end":{"line":16,"column":44}},"9":{"start":{"line":17,"column":12},"end":{"line":17,"column":17}},"10":{"start":{"line":19,"column":12},"end":{"line":19,"column":37}},"11":{"start":{"line":23,"column":0},"end":{"line":23,"column":30}}},"fnMap":{"0":{"name":"(anonymous_0)","decl":{"start":{"line":1,"column":22},"end":{"line":1,"column":23}},"loc":{"start":{"line":1,"column":47},"end":{"line":21,"column":1}},"line":1}},"branchMap":{"0":{"loc":{"start":{"line":4,"column":17},"end":{"line":4,"column":32}},"type":"binary-expr","locations":[{"start":{"line":4,"column":17},"end":{"line":4,"column":25}},{"start":{"line":4,"column":29},"end":{"line":4,"column":32}}],"line":4},"1":{"loc":{"start":{"line":5,"column":4},"end":{"line":20,"column":5}},"type":"switch","locations":[{"start":{"line":6,"column":8},"end":{"line":8,"column":18}},{"start":{"line":9,"column":8},"end":{"line":11,"column":18}},{"start":{"line":15,"column":8},"end":{"line":17,"column":17}},{"start":{"line":18,"column":8},"end":{"line":19,"column":37}}],"line":5}},"s":{"0":2,"1":41,"2":41,"3":41,"4":27,"5":27,"6":6,"7":6,"8":8,"9":8,"10":0,"11":2},"f":{"0":41},"b":{"0":[41,0],"1":[27,6,8,0]},"_coverageSchema":"1a1c01bbd47fc00a2c39e90264f33305004495a9","hash":"107648da0891e2c05c60c5581dab74353b449620"}
,"C:\\Users\\Rafi Pratama\\Desktop\\Ally-Doc\\server\\services\\doctors\\Model\\DoctorSchema.js": {"path":"C:\\Users\\Rafi Pratama\\Desktop\\Ally-Doc\\server\\services\\doctors\\Model\\DoctorSchema.js","statementMap":{"0":{"start":{"line":1,"column":24},"end":{"line":1,"column":43}},"1":{"start":{"line":3,"column":21},"end":{"line":44,"column":2}},"2":{"start":{"line":46,"column":0},"end":{"line":46,"column":46}}},"fnMap":{},"branchMap":{},"s":{"0":2,"1":2,"2":2},"f":{},"b":{},"_coverageSchema":"1a1c01bbd47fc00a2c39e90264f33305004495a9","hash":"150451aa90bd5e8ff02b25872448f7b00f8295f7"}
,"C:\\Users\\Rafi Pratama\\Desktop\\Ally-Doc\\server\\services\\doctors\\Model\\HistorySchema.js": {"path":"C:\\Users\\Rafi Pratama\\Desktop\\Ally-Doc\\server\\services\\doctors\\Model\\HistorySchema.js","statementMap":{"0":{"start":{"line":1,"column":24},"end":{"line":1,"column":43}},"1":{"start":{"line":3,"column":22},"end":{"line":40,"column":2}},"2":{"start":{"line":42,"column":0},"end":{"line":42,"column":48}}},"fnMap":{},"branchMap":{},"s":{"0":2,"1":2,"2":2},"f":{},"b":{},"_coverageSchema":"1a1c01bbd47fc00a2c39e90264f33305004495a9","hash":"85e90d3e284639826f6e09b765183c10c4277d4a"}
,"C:\\Users\\Rafi Pratama\\Desktop\\Ally-Doc\\server\\services\\doctors\\Router\\Doctor.js": {"path":"C:\\Users\\Rafi Pratama\\Desktop\\Ally-Doc\\server\\services\\doctors\\Router\\Doctor.js","statementMap":{"0":{"start":{"line":1,"column":15},"end":{"line":1,"column":42}},"1":{"start":{"line":2,"column":25},"end":{"line":2,"column":66}},"2":{"start":{"line":4,"column":0},"end":{"line":4,"column":46}},"3":{"start":{"line":5,"column":0},"end":{"line":5,"column":49}},"4":{"start":{"line":6,"column":0},"end":{"line":6,"column":47}},"5":{"start":{"line":7,"column":0},"end":{"line":7,"column":51}},"6":{"start":{"line":8,"column":0},"end":{"line":8,"column":50}},"7":{"start":{"line":9,"column":0},"end":{"line":9,"column":58}},"8":{"start":{"line":10,"column":0},"end":{"line":10,"column":56}},"9":{"start":{"line":11,"column":0},"end":{"line":11,"column":53}},"10":{"start":{"line":14,"column":0},"end":{"line":14,"column":23}}},"fnMap":{},"branchMap":{},"s":{"0":2,"1":2,"2":2,"3":2,"4":2,"5":2,"6":2,"7":2,"8":2,"9":2,"10":2},"f":{},"b":{},"_coverageSchema":"1a1c01bbd47fc00a2c39e90264f33305004495a9","hash":"fe5e17493c7b2a87fa2e244d999f2307f8a1a23e"}
,"C:\\Users\\Rafi Pratama\\Desktop\\Ally-Doc\\server\\services\\doctors\\Router\\History.js": {"path":"C:\\Users\\Rafi Pratama\\Desktop\\Ally-Doc\\server\\services\\doctors\\Router\\History.js","statementMap":{"0":{"start":{"line":1,"column":15},"end":{"line":1,"column":42}},"1":{"start":{"line":2,"column":26},"end":{"line":2,"column":68}},"2":{"start":{"line":3,"column":21},"end":{"line":3,"column":61}},"3":{"start":{"line":5,"column":0},"end":{"line":5,"column":47}},"4":{"start":{"line":6,"column":0},"end":{"line":6,"column":24}},"5":{"start":{"line":7,"column":0},"end":{"line":7,"column":45}},"6":{"start":{"line":8,"column":0},"end":{"line":8,"column":59}},"7":{"start":{"line":10,"column":0},"end":{"line":10,"column":23}}},"fnMap":{},"branchMap":{},"s":{"0":2,"1":2,"2":2,"3":2,"4":2,"5":2,"6":2,"7":2},"f":{},"b":{},"_coverageSchema":"1a1c01bbd47fc00a2c39e90264f33305004495a9","hash":"3355bba6ba8b1245012c6fa5fe8cde143ccf8d7d"}
,"C:\\Users\\Rafi Pratama\\Desktop\\Ally-Doc\\server\\services\\doctors\\Router\\index.js": {"path":"C:\\Users\\Rafi Pratama\\Desktop\\Ally-Doc\\server\\services\\doctors\\Router\\index.js","statementMap":{"0":{"start":{"line":1,"column":15},"end":{"line":1,"column":42}},"1":{"start":{"line":2,"column":21},"end":{"line":2,"column":40}},"2":{"start":{"line":3,"column":22},"end":{"line":3,"column":42}},"3":{"start":{"line":6,"column":0},"end":{"line":6,"column":35}},"4":{"start":{"line":7,"column":0},"end":{"line":7,"column":37}},"5":{"start":{"line":9,"column":0},"end":{"line":9,"column":23}}},"fnMap":{},"branchMap":{},"s":{"0":2,"1":2,"2":2,"3":2,"4":2,"5":2},"f":{},"b":{},"_coverageSchema":"1a1c01bbd47fc00a2c39e90264f33305004495a9","hash":"ef1d7bb100f9ea8c8c9d0875dc30ec2893a7a695"}
}
