{"C:\\Users\\Rafi Pratama\\Desktop\\Ally-Doc\\server\\services\\doctors\\app.js": {"path":"C:\\Users\\Rafi Pratama\\Desktop\\Ally-Doc\\server\\services\\doctors\\app.js","statementMap":{"0":{"start":{"line":1,"column":0},"end":{"line":1,"column":26}},"1":{"start":{"line":2,"column":16},"end":{"line":2,"column":34}},"2":{"start":{"line":3,"column":12},"end":{"line":3,"column":21}},"3":{"start":{"line":4,"column":13},"end":{"line":4,"column":37}},"4":{"start":{"line":5,"column":13},"end":{"line":5,"column":28}},"5":{"start":{"line":7,"column":22},"end":{"line":7,"column":59}},"6":{"start":{"line":8,"column":15},"end":{"line":8,"column":40}},"7":{"start":{"line":10,"column":0},"end":{"line":10,"column":15}},"8":{"start":{"line":11,"column":0},"end":{"line":11,"column":45}},"9":{"start":{"line":12,"column":0},"end":{"line":12,"column":23}},"10":{"start":{"line":14,"column":0},"end":{"line":14,"column":15}},"11":{"start":{"line":15,"column":0},"end":{"line":15,"column":22}},"12":{"start":{"line":19,"column":0},"end":{"line":19,"column":20}}},"fnMap":{},"branchMap":{"0":{"loc":{"start":{"line":4,"column":13},"end":{"line":4,"column":37}},"type":"binary-expr","locations":[{"start":{"line":4,"column":13},"end":{"line":4,"column":29}},{"start":{"line":4,"column":33},"end":{"line":4,"column":37}}],"line":4}},"s":{"0":2,"1":2,"2":2,"3":2,"4":2,"5":2,"6":2,"7":2,"8":2,"9":2,"10":2,"11":2,"12":2},"f":{},"b":{"0":[2,0]},"_coverageSchema":"1a1c01bbd47fc00a2c39e90264f33305004495a9","hash":"f1b3cfe27b9b14d5f9ff5e764fa8cab5dfb6e459"}
,"C:\\Users\\Rafi Pratama\\Desktop\\Ally-Doc\\server\\services\\doctors\\Controller\\ControllerDoctor.js": {"path":"C:\\Users\\Rafi Pratama\\Desktop\\Ally-Doc\\server\\services\\doctors\\Controller\\ControllerDoctor.js","statementMap":{"0":{"start":{"line":1,"column":15},"end":{"line":1,"column":47}},"1":{"start":{"line":2,"column":34},"end":{"line":2,"column":61}},"2":{"start":{"line":3,"column":12},"end":{"line":3,"column":35}},"3":{"start":{"line":7,"column":4},"end":{"line":61,"column":5}},"4":{"start":{"line":8,"column":31},"end":{"line":8,"column":42}},"5":{"start":{"line":9,"column":23},"end":{"line":9,"column":71}},"6":{"start":{"line":10,"column":6},"end":{"line":36,"column":7}},"7":{"start":{"line":12,"column":10},"end":{"line":12,"column":18}},"8":{"start":{"line":13,"column":8},"end":{"line":13,"column":61}},"9":{"start":{"line":14,"column":21},"end":{"line":23,"column":10}},"10":{"start":{"line":24,"column":8},"end":{"line":33,"column":9}},"11":{"start":{"line":28,"column":31},"end":{"line":31,"column":11}},"12":{"start":{"line":32,"column":10},"end":{"line":32,"column":77}},"13":{"start":{"line":35,"column":8},"end":{"line":35,"column":60}},"14":{"start":{"line":38,"column":6},"end":{"line":44,"column":7}},"15":{"start":{"line":39,"column":28},"end":{"line":39,"column":30}},"16":{"start":{"line":40,"column":8},"end":{"line":42,"column":9}},"17":{"start":{"line":41,"column":10},"end":{"line":41,"column":54}},"18":{"start":{"line":43,"column":8},"end":{"line":43,"column":63}},"19":{"start":{"line":45,"column":6},"end":{"line":50,"column":7}},"20":{"start":{"line":51,"column":6},"end":{"line":54,"column":7}},"21":{"start":{"line":52,"column":8},"end":{"line":52,"column":23}},"22":{"start":{"line":53,"column":8},"end":{"line":53,"column":41}},"23":{"start":{"line":55,"column":19},"end":{"line":55,"column":27}},"24":{"start":{"line":56,"column":22},"end":{"line":56,"column":33}},"25":{"start":{"line":57,"column":6},"end":{"line":60,"column":9}},"26":{"start":{"line":64,"column":4},"end":{"line":73,"column":5}},"27":{"start":{"line":65,"column":19},"end":{"line":65,"column":57}},"28":{"start":{"line":66,"column":6},"end":{"line":66,"column":33}},"29":{"start":{"line":77,"column":4},"end":{"line":99,"column":5}},"30":{"start":{"line":78,"column":22},"end":{"line":78,"column":32}},"31":{"start":{"line":80,"column":8},"end":{"line":80,"column":41}},"32":{"start":{"line":81,"column":6},"end":{"line":88,"column":7}},"33":{"start":{"line":82,"column":8},"end":{"line":84,"column":80}},"34":{"start":{"line":90,"column":6},"end":{"line":92,"column":7}},"35":{"start":{"line":91,"column":8},"end":{"line":91,"column":55}},"36":{"start":{"line":93,"column":19},"end":{"line":93,"column":27}},"37":{"start":{"line":94,"column":22},"end":{"line":94,"column":33}},"38":{"start":{"line":95,"column":6},"end":{"line":98,"column":9}},"39":{"start":{"line":103,"column":4},"end":{"line":148,"column":5}},"40":{"start":{"line":104,"column":22},"end":{"line":104,"column":32}},"41":{"start":{"line":105,"column":67},"end":{"line":105,"column":75}},"42":{"start":{"line":106,"column":6},"end":{"line":137,"column":7}},"43":{"start":{"line":107,"column":8},"end":{"line":107,"column":74}},"44":{"start":{"line":107,"column":20},"end":{"line":107,"column":74}},"45":{"start":{"line":108,"column":8},"end":{"line":108,"column":80}},"46":{"start":{"line":108,"column":23},"end":{"line":108,"column":80}},"47":{"start":{"line":109,"column":8},"end":{"line":109,"column":78}},"48":{"start":{"line":109,"column":22},"end":{"line":109,"column":78}},"49":{"start":{"line":110,"column":8},"end":{"line":110,"column":74}},"50":{"start":{"line":110,"column":20},"end":{"line":110,"column":74}},"51":{"start":{"line":111,"column":8},"end":{"line":111,"column":74}},"52":{"start":{"line":111,"column":20},"end":{"line":111,"column":74}},"53":{"start":{"line":112,"column":8},"end":{"line":113,"column":69}},"54":{"start":{"line":113,"column":10},"end":{"line":113,"column":69}},"55":{"start":{"line":115,"column":21},"end":{"line":127,"column":9}},"56":{"start":{"line":128,"column":8},"end":{"line":136,"column":9}},"57":{"start":{"line":129,"column":23},"end":{"line":129,"column":56}},"58":{"start":{"line":130,"column":10},"end":{"line":132,"column":74}},"59":{"start":{"line":139,"column":6},"end":{"line":141,"column":7}},"60":{"start":{"line":140,"column":8},"end":{"line":140,"column":55}},"61":{"start":{"line":142,"column":19},"end":{"line":142,"column":27}},"62":{"start":{"line":143,"column":22},"end":{"line":143,"column":33}},"63":{"start":{"line":144,"column":6},"end":{"line":147,"column":9}},"64":{"start":{"line":152,"column":4},"end":{"line":176,"column":5}},"65":{"start":{"line":153,"column":31},"end":{"line":153,"column":42}},"66":{"start":{"line":154,"column":23},"end":{"line":154,"column":71}},"67":{"start":{"line":155,"column":6},"end":{"line":161,"column":7}},"68":{"start":{"line":156,"column":24},"end":{"line":156,"column":34}},"69":{"start":{"line":157,"column":8},"end":{"line":157,"column":40}},"70":{"start":{"line":158,"column":8},"end":{"line":158,"column":63}},"71":{"start":{"line":160,"column":8},"end":{"line":160,"column":60}},"72":{"start":{"line":163,"column":6},"end":{"line":166,"column":7}},"73":{"start":{"line":164,"column":8},"end":{"line":164,"column":23}},"74":{"start":{"line":165,"column":8},"end":{"line":165,"column":44}},"75":{"start":{"line":167,"column":6},"end":{"line":169,"column":7}},"76":{"start":{"line":168,"column":8},"end":{"line":168,"column":55}},"77":{"start":{"line":170,"column":19},"end":{"line":170,"column":27}},"78":{"start":{"line":171,"column":22},"end":{"line":171,"column":33}},"79":{"start":{"line":172,"column":6},"end":{"line":175,"column":9}},"80":{"start":{"line":180,"column":4},"end":{"line":216,"column":5}},"81":{"start":{"line":181,"column":34},"end":{"line":181,"column":42}},"82":{"start":{"line":182,"column":19},"end":{"line":182,"column":50}},"83":{"start":{"line":183,"column":6},"end":{"line":204,"column":7}},"84":{"start":{"line":184,"column":21},"end":{"line":184,"column":57}},"85":{"start":{"line":185,"column":8},"end":{"line":201,"column":9}},"86":{"start":{"line":186,"column":10},"end":{"line":189,"column":12}},"87":{"start":{"line":190,"column":31},"end":{"line":197,"column":11}},"88":{"start":{"line":198,"column":10},"end":{"line":198,"column":62}},"89":{"start":{"line":200,"column":10},"end":{"line":200,"column":54}},"90":{"start":{"line":203,"column":8},"end":{"line":203,"column":64}},"91":{"start":{"line":206,"column":6},"end":{"line":209,"column":7}},"92":{"start":{"line":207,"column":8},"end":{"line":207,"column":23}},"93":{"start":{"line":208,"column":8},"end":{"line":208,"column":45}},"94":{"start":{"line":210,"column":19},"end":{"line":210,"column":27}},"95":{"start":{"line":211,"column":22},"end":{"line":211,"column":33}},"96":{"start":{"line":212,"column":6},"end":{"line":215,"column":9}},"97":{"start":{"line":220,"column":4},"end":{"line":244,"column":5}},"98":{"start":{"line":221,"column":25},"end":{"line":221,"column":33}},"99":{"start":{"line":222,"column":22},"end":{"line":222,"column":32}},"100":{"start":{"line":223,"column":6},"end":{"line":233,"column":7}},"101":{"start":{"line":224,"column":8},"end":{"line":224,"column":63}},"102":{"start":{"line":226,"column":21},"end":{"line":226,"column":54}},"103":{"start":{"line":227,"column":8},"end":{"line":232,"column":9}},"104":{"start":{"line":228,"column":27},"end":{"line":228,"column":80}},"105":{"start":{"line":229,"column":10},"end":{"line":229,"column":65}},"106":{"start":{"line":231,"column":10},"end":{"line":231,"column":57}},"107":{"start":{"line":235,"column":6},"end":{"line":237,"column":7}},"108":{"start":{"line":236,"column":8},"end":{"line":236,"column":55}},"109":{"start":{"line":238,"column":19},"end":{"line":238,"column":27}},"110":{"start":{"line":239,"column":22},"end":{"line":239,"column":33}},"111":{"start":{"line":240,"column":6},"end":{"line":243,"column":9}},"112":{"start":{"line":248,"column":4},"end":{"line":272,"column":5}},"113":{"start":{"line":249,"column":22},"end":{"line":249,"column":32}},"114":{"start":{"line":250,"column":24},"end":{"line":250,"column":32}},"115":{"start":{"line":251,"column":6},"end":{"line":261,"column":7}},"116":{"start":{"line":252,"column":21},"end":{"line":252,"column":54}},"117":{"start":{"line":253,"column":8},"end":{"line":258,"column":9}},"118":{"start":{"line":254,"column":27},"end":{"line":254,"column":79}},"119":{"start":{"line":255,"column":10},"end":{"line":255,"column":68}},"120":{"start":{"line":257,"column":10},"end":{"line":257,"column":57}},"121":{"start":{"line":260,"column":8},"end":{"line":260,"column":62}},"122":{"start":{"line":263,"column":6},"end":{"line":265,"column":7}},"123":{"start":{"line":264,"column":8},"end":{"line":264,"column":55}},"124":{"start":{"line":266,"column":19},"end":{"line":266,"column":27}},"125":{"start":{"line":267,"column":22},"end":{"line":267,"column":33}},"126":{"start":{"line":268,"column":6},"end":{"line":271,"column":9}},"127":{"start":{"line":276,"column":0},"end":{"line":276,"column":34}}},"fnMap":{"0":{"name":"(anonymous_0)","decl":{"start":{"line":6,"column":2},"end":{"line":6,"column":3}},"loc":{"start":{"line":6,"column":44},"end":{"line":62,"column":3}},"line":6},"1":{"name":"(anonymous_1)","decl":{"start":{"line":63,"column":2},"end":{"line":63,"column":3}},"loc":{"start":{"line":63,"column":44},"end":{"line":74,"column":3}},"line":63},"2":{"name":"(anonymous_2)","decl":{"start":{"line":76,"column":2},"end":{"line":76,"column":3}},"loc":{"start":{"line":76,"column":43},"end":{"line":100,"column":3}},"line":76},"3":{"name":"(anonymous_3)","decl":{"start":{"line":102,"column":2},"end":{"line":102,"column":3}},"loc":{"start":{"line":102,"column":44},"end":{"line":149,"column":3}},"line":102},"4":{"name":"(anonymous_4)","decl":{"start":{"line":151,"column":2},"end":{"line":151,"column":3}},"loc":{"start":{"line":151,"column":44},"end":{"line":177,"column":3}},"line":151},"5":{"name":"(anonymous_5)","decl":{"start":{"line":179,"column":2},"end":{"line":179,"column":3}},"loc":{"start":{"line":179,"column":43},"end":{"line":217,"column":3}},"line":179},"6":{"name":"(anonymous_6)","decl":{"start":{"line":219,"column":2},"end":{"line":219,"column":3}},"loc":{"start":{"line":219,"column":43},"end":{"line":245,"column":3}},"line":219},"7":{"name":"(anonymous_7)","decl":{"start":{"line":247,"column":2},"end":{"line":247,"column":3}},"loc":{"start":{"line":247,"column":42},"end":{"line":273,"column":3}},"line":247}},"branchMap":{"0":{"loc":{"start":{"line":10,"column":6},"end":{"line":36,"column":7}},"type":"if","locations":[{"start":{"line":10,"column":6},"end":{"line":36,"column":7}},{"start":{"line":10,"column":6},"end":{"line":36,"column":7}}],"line":10},"1":{"loc":{"start":{"line":13,"column":19},"end":{"line":13,"column":60}},"type":"cond-expr","locations":[{"start":{"line":13,"column":30},"end":{"line":13,"column":48}},{"start":{"line":13,"column":51},"end":{"line":13,"column":60}}],"line":13},"2":{"loc":{"start":{"line":24,"column":8},"end":{"line":33,"column":9}},"type":"if","locations":[{"start":{"line":24,"column":8},"end":{"line":33,"column":9}},{"start":{"line":24,"column":8},"end":{"line":33,"column":9}}],"line":24},"3":{"loc":{"start":{"line":38,"column":6},"end":{"line":44,"column":7}},"type":"if","locations":[{"start":{"line":38,"column":6},"end":{"line":44,"column":7}},{"start":{"line":38,"column":6},"end":{"line":44,"column":7}}],"line":38},"4":{"loc":{"start":{"line":45,"column":6},"end":{"line":50,"column":7}},"type":"if","locations":[{"start":{"line":45,"column":6},"end":{"line":50,"column":7}},{"start":{"line":45,"column":6},"end":{"line":50,"column":7}}],"line":45},"5":{"loc":{"start":{"line":51,"column":6},"end":{"line":54,"column":7}},"type":"if","locations":[{"start":{"line":51,"column":6},"end":{"line":54,"column":7}},{"start":{"line":51,"column":6},"end":{"line":54,"column":7}}],"line":51},"6":{"loc":{"start":{"line":81,"column":6},"end":{"line":88,"column":7}},"type":"if","locations":[{"start":{"line":81,"column":6},"end":{"line":88,"column":7}},{"start":{"line":81,"column":6},"end":{"line":88,"column":7}}],"line":81},"7":{"loc":{"start":{"line":90,"column":6},"end":{"line":92,"column":7}},"type":"if","locations":[{"start":{"line":90,"column":6},"end":{"line":92,"column":7}},{"start":{"line":90,"column":6},"end":{"line":92,"column":7}}],"line":90},"8":{"loc":{"start":{"line":106,"column":6},"end":{"line":137,"column":7}},"type":"if","locations":[{"start":{"line":106,"column":6},"end":{"line":137,"column":7}},{"start":{"line":106,"column":6},"end":{"line":137,"column":7}}],"line":106},"9":{"loc":{"start":{"line":106,"column":10},"end":{"line":106,"column":76}},"type":"binary-expr","locations":[{"start":{"line":106,"column":10},"end":{"line":106,"column":16}},{"start":{"line":106,"column":20},"end":{"line":106,"column":29}},{"start":{"line":106,"column":33},"end":{"line":106,"column":44}},{"start":{"line":106,"column":48},"end":{"line":106,"column":56}},{"start":{"line":106,"column":60},"end":{"line":106,"column":66}},{"start":{"line":106,"column":70},"end":{"line":106,"column":76}}],"line":106},"10":{"loc":{"start":{"line":107,"column":8},"end":{"line":107,"column":74}},"type":"if","locations":[{"start":{"line":107,"column":8},"end":{"line":107,"column":74}},{"start":{"line":107,"column":8},"end":{"line":107,"column":74}}],"line":107},"11":{"loc":{"start":{"line":108,"column":8},"end":{"line":108,"column":80}},"type":"if","locations":[{"start":{"line":108,"column":8},"end":{"line":108,"column":80}},{"start":{"line":108,"column":8},"end":{"line":108,"column":80}}],"line":108},"12":{"loc":{"start":{"line":109,"column":8},"end":{"line":109,"column":78}},"type":"if","locations":[{"start":{"line":109,"column":8},"end":{"line":109,"column":78}},{"start":{"line":109,"column":8},"end":{"line":109,"column":78}}],"line":109},"13":{"loc":{"start":{"line":110,"column":8},"end":{"line":110,"column":74}},"type":"if","locations":[{"start":{"line":110,"column":8},"end":{"line":110,"column":74}},{"start":{"line":110,"column":8},"end":{"line":110,"column":74}}],"line":110},"14":{"loc":{"start":{"line":111,"column":8},"end":{"line":111,"column":74}},"type":"if","locations":[{"start":{"line":111,"column":8},"end":{"line":111,"column":74}},{"start":{"line":111,"column":8},"end":{"line":111,"column":74}}],"line":111},"15":{"loc":{"start":{"line":112,"column":8},"end":{"line":113,"column":69}},"type":"if","locations":[{"start":{"line":112,"column":8},"end":{"line":113,"column":69}},{"start":{"line":112,"column":8},"end":{"line":113,"column":69}}],"line":112},"16":{"loc":{"start":{"line":128,"column":8},"end":{"line":136,"column":9}},"type":"if","locations":[{"start":{"line":128,"column":8},"end":{"line":136,"column":9}},{"start":{"line":128,"column":8},"end":{"line":136,"column":9}}],"line":128},"17":{"loc":{"start":{"line":139,"column":6},"end":{"line":141,"column":7}},"type":"if","locations":[{"start":{"line":139,"column":6},"end":{"line":141,"column":7}},{"start":{"line":139,"column":6},"end":{"line":141,"column":7}}],"line":139},"18":{"loc":{"start":{"line":155,"column":6},"end":{"line":161,"column":7}},"type":"if","locations":[{"start":{"line":155,"column":6},"end":{"line":161,"column":7}},{"start":{"line":155,"column":6},"end":{"line":161,"column":7}}],"line":155},"19":{"loc":{"start":{"line":163,"column":6},"end":{"line":166,"column":7}},"type":"if","locations":[{"start":{"line":163,"column":6},"end":{"line":166,"column":7}},{"start":{"line":163,"column":6},"end":{"line":166,"column":7}}],"line":163},"20":{"loc":{"start":{"line":167,"column":6},"end":{"line":169,"column":7}},"type":"if","locations":[{"start":{"line":167,"column":6},"end":{"line":169,"column":7}},{"start":{"line":167,"column":6},"end":{"line":169,"column":7}}],"line":167},"21":{"loc":{"start":{"line":183,"column":6},"end":{"line":204,"column":7}},"type":"if","locations":[{"start":{"line":183,"column":6},"end":{"line":204,"column":7}},{"start":{"line":183,"column":6},"end":{"line":204,"column":7}}],"line":183},"22":{"loc":{"start":{"line":185,"column":8},"end":{"line":201,"column":9}},"type":"if","locations":[{"start":{"line":185,"column":8},"end":{"line":201,"column":9}},{"start":{"line":185,"column":8},"end":{"line":201,"column":9}}],"line":185},"23":{"loc":{"start":{"line":206,"column":6},"end":{"line":209,"column":7}},"type":"if","locations":[{"start":{"line":206,"column":6},"end":{"line":209,"column":7}},{"start":{"line":206,"column":6},"end":{"line":209,"column":7}}],"line":206},"24":{"loc":{"start":{"line":223,"column":6},"end":{"line":233,"column":7}},"type":"if","locations":[{"start":{"line":223,"column":6},"end":{"line":233,"column":7}},{"start":{"line":223,"column":6},"end":{"line":233,"column":7}}],"line":223},"25":{"loc":{"start":{"line":227,"column":8},"end":{"line":232,"column":9}},"type":"if","locations":[{"start":{"line":227,"column":8},"end":{"line":232,"column":9}},{"start":{"line":227,"column":8},"end":{"line":232,"column":9}}],"line":227},"26":{"loc":{"start":{"line":235,"column":6},"end":{"line":237,"column":7}},"type":"if","locations":[{"start":{"line":235,"column":6},"end":{"line":237,"column":7}},{"start":{"line":235,"column":6},"end":{"line":237,"column":7}}],"line":235},"27":{"loc":{"start":{"line":251,"column":6},"end":{"line":261,"column":7}},"type":"if","locations":[{"start":{"line":251,"column":6},"end":{"line":261,"column":7}},{"start":{"line":251,"column":6},"end":{"line":261,"column":7}}],"line":251},"28":{"loc":{"start":{"line":253,"column":8},"end":{"line":258,"column":9}},"type":"if","locations":[{"start":{"line":253,"column":8},"end":{"line":258,"column":9}},{"start":{"line":253,"column":8},"end":{"line":258,"column":9}}],"line":253},"29":{"loc":{"start":{"line":263,"column":6},"end":{"line":265,"column":7}},"type":"if","locations":[{"start":{"line":263,"column":6},"end":{"line":265,"column":7}},{"start":{"line":263,"column":6},"end":{"line":265,"column":7}}],"line":263}},"s":{"0":2,"1":2,"2":2,"3":10,"4":10,"5":10,"6":9,"7":8,"8":8,"9":8,"10":1,"11":1,"12":1,"13":1,"14":9,"15":7,"16":7,"17":7,"18":7,"19":9,"20":9,"21":1,"22":1,"23":9,"24":9,"25":9,"26":1,"27":1,"28":1,"29":3,"30":3,"31":3,"32":1,"33":1,"34":2,"35":2,"36":2,"37":2,"38":2,"39":8,"40":8,"41":8,"42":8,"43":6,"44":1,"45":5,"46":1,"47":4,"48":1,"49":3,"50":1,"51":2,"52":1,"53":1,"54":1,"55":2,"56":1,"57":1,"58":1,"59":7,"60":1,"61":7,"62":7,"63":7,"64":4,"65":4,"66":4,"67":3,"68":2,"69":2,"70":1,"71":1,"72":3,"73":1,"74":1,"75":3,"76":1,"77":3,"78":3,"79":3,"80":4,"81":4,"82":4,"83":4,"84":3,"85":2,"86":1,"87":1,"88":1,"89":1,"90":1,"91":3,"92":1,"93":1,"94":3,"95":3,"96":3,"97":4,"98":4,"99":4,"100":4,"101":1,"102":3,"103":2,"104":1,"105":1,"106":1,"107":3,"108":1,"109":3,"110":3,"111":3,"112":4,"113":4,"114":4,"115":4,"116":3,"117":2,"118":1,"119":1,"120":1,"121":1,"122":3,"123":1,"124":3,"125":3,"126":3,"127":2},"f":{"0":10,"1":1,"2":3,"3":8,"4":4,"5":4,"6":4,"7":4},"b":{"0":[8,1],"1":[7,1],"2":[0,1],"3":[7,2],"4":[0,9],"5":[1,8],"6":[1,0],"7":[2,0],"8":[6,2],"9":[8,7,6,5,4,3],"10":[1,5],"11":[1,4],"12":[1,3],"13":[1,2],"14":[1,1],"15":[1,0],"16":[1,0],"17":[1,6],"18":[2,1],"19":[1,2],"20":[1,2],"21":[3,1],"22":[1,1],"23":[1,2],"24":[1,3],"25":[1,1],"26":[1,2],"27":[3,1],"28":[1,1],"29":[1,2]},"_coverageSchema":"1a1c01bbd47fc00a2c39e90264f33305004495a9","hash":"79e5cb387ad151c747fb55eb62b6e67e5af4e77f"}
,"C:\\Users\\Rafi Pratama\\Desktop\\Ally-Doc\\server\\services\\doctors\\Controller\\ControllerHistory.js": {"path":"C:\\Users\\Rafi Pratama\\Desktop\\Ally-Doc\\server\\services\\doctors\\Controller\\ControllerHistory.js","statementMap":{"0":{"start":{"line":1,"column":16},"end":{"line":1,"column":49}},"1":{"start":{"line":5,"column":8},"end":{"line":14,"column":9}},"2":{"start":{"line":6,"column":23},"end":{"line":6,"column":43}},"3":{"start":{"line":7,"column":10},"end":{"line":7,"column":37}},"4":{"start":{"line":17,"column":8},"end":{"line":40,"column":9}},"5":{"start":{"line":18,"column":114},"end":{"line":18,"column":122}},"6":{"start":{"line":19,"column":23},"end":{"line":19,"column":163}},"7":{"start":{"line":20,"column":10},"end":{"line":25,"column":11}},"8":{"start":{"line":21,"column":12},"end":{"line":21,"column":39}},"9":{"start":{"line":27,"column":12},"end":{"line":33,"column":15}},"10":{"start":{"line":28,"column":36},"end":{"line":28,"column":38}},"11":{"start":{"line":29,"column":16},"end":{"line":31,"column":17}},"12":{"start":{"line":30,"column":18},"end":{"line":30,"column":62}},"13":{"start":{"line":32,"column":16},"end":{"line":32,"column":71}},"14":{"start":{"line":34,"column":23},"end":{"line":34,"column":31}},"15":{"start":{"line":35,"column":26},"end":{"line":35,"column":37}},"16":{"start":{"line":36,"column":10},"end":{"line":39,"column":13}},"17":{"start":{"line":43,"column":8},"end":{"line":66,"column":9}},"18":{"start":{"line":44,"column":29},"end":{"line":44,"column":37}},"19":{"start":{"line":45,"column":26},"end":{"line":45,"column":36}},"20":{"start":{"line":46,"column":10},"end":{"line":58,"column":11}},"21":{"start":{"line":47,"column":25},"end":{"line":54,"column":13}},"22":{"start":{"line":55,"column":12},"end":{"line":55,"column":45}},"23":{"start":{"line":57,"column":12},"end":{"line":57,"column":67}},"24":{"start":{"line":60,"column":23},"end":{"line":60,"column":31}},"25":{"start":{"line":61,"column":26},"end":{"line":61,"column":37}},"26":{"start":{"line":62,"column":10},"end":{"line":65,"column":13}},"27":{"start":{"line":70,"column":0},"end":{"line":70,"column":34}}},"fnMap":{"0":{"name":"(anonymous_0)","decl":{"start":{"line":4,"column":4},"end":{"line":4,"column":5}},"loc":{"start":{"line":4,"column":44},"end":{"line":15,"column":7}},"line":4},"1":{"name":"(anonymous_1)","decl":{"start":{"line":16,"column":6},"end":{"line":16,"column":7}},"loc":{"start":{"line":16,"column":47},"end":{"line":41,"column":7}},"line":16},"2":{"name":"(anonymous_2)","decl":{"start":{"line":42,"column":6},"end":{"line":42,"column":7}},"loc":{"start":{"line":42,"column":54},"end":{"line":67,"column":7}},"line":42}},"branchMap":{"0":{"loc":{"start":{"line":20,"column":10},"end":{"line":25,"column":11}},"type":"if","locations":[{"start":{"line":20,"column":10},"end":{"line":25,"column":11}},{"start":{"line":20,"column":10},"end":{"line":25,"column":11}}],"line":20},"1":{"loc":{"start":{"line":27,"column":12},"end":{"line":33,"column":15}},"type":"if","locations":[{"start":{"line":27,"column":12},"end":{"line":33,"column":15}},{"start":{"line":27,"column":12},"end":{"line":33,"column":15}}],"line":27},"2":{"loc":{"start":{"line":46,"column":10},"end":{"line":58,"column":11}},"type":"if","locations":[{"start":{"line":46,"column":10},"end":{"line":58,"column":11}},{"start":{"line":46,"column":10},"end":{"line":58,"column":11}}],"line":46}},"s":{"0":2,"1":1,"2":1,"3":1,"4":9,"5":9,"6":9,"7":1,"8":1,"9":8,"10":8,"11":8,"12":8,"13":8,"14":8,"15":8,"16":8,"17":2,"18":2,"19":2,"20":2,"21":1,"22":1,"23":1,"24":1,"25":1,"26":1,"27":2},"f":{"0":1,"1":9,"2":2},"b":{"0":[1,0],"1":[8,0],"2":[1,1]},"_coverageSchema":"1a1c01bbd47fc00a2c39e90264f33305004495a9","hash":"b1077b381e1e802a2e0a470fdbdadafa9872f650"}
,"C:\\Users\\Rafi Pratama\\Desktop\\Ally-Doc\\server\\services\\doctors\\Helper\\Bcrypt.js": {"path":"C:\\Users\\Rafi Pratama\\Desktop\\Ally-Doc\\server\\services\\doctors\\Helper\\Bcrypt.js","statementMap":{"0":{"start":{"line":1,"column":15},"end":{"line":1,"column":34}},"1":{"start":{"line":4,"column":4},"end":{"line":4,"column":39}},"2":{"start":{"line":8,"column":4},"end":{"line":8,"column":45}},"3":{"start":{"line":11,"column":0},"end":{"line":11,"column":42}}},"fnMap":{"0":{"name":"hashSync","decl":{"start":{"line":3,"column":9},"end":{"line":3,"column":17}},"loc":{"start":{"line":3,"column":27},"end":{"line":5,"column":1}},"line":3},"1":{"name":"compareSync","decl":{"start":{"line":7,"column":9},"end":{"line":7,"column":20}},"loc":{"start":{"line":7,"column":36},"end":{"line":9,"column":1}},"line":7}},"branchMap":{},"s":{"0":2,"1":7,"2":3,"3":2},"f":{"0":7,"1":3},"b":{},"_coverageSchema":"1a1c01bbd47fc00a2c39e90264f33305004495a9","hash":"e7d627ae0e2cccf575c4ed59eebf8776f6275647"}
,"C:\\Users\\Rafi Pratama\\Desktop\\Ally-Doc\\server\\services\\doctors\\Middleware\\authenthication.js": {"path":"C:\\Users\\Rafi Pratama\\Desktop\\Ally-Doc\\server\\services\\doctors\\Middleware\\authenthication.js","statementMap":{"0":{"start":{"line":1,"column":12},"end":{"line":1,"column":35}},"1":{"start":{"line":4,"column":4},"end":{"line":22,"column":5}},"2":{"start":{"line":5,"column":29},"end":{"line":5,"column":40}},"3":{"start":{"line":6,"column":24},"end":{"line":6,"column":72}},"4":{"start":{"line":7,"column":8},"end":{"line":11,"column":9}},"5":{"start":{"line":8,"column":12},"end":{"line":8,"column":18}},"6":{"start":{"line":10,"column":12},"end":{"line":10,"column":62}},"7":{"start":{"line":17,"column":21},"end":{"line":17,"column":29}},"8":{"start":{"line":18,"column":24},"end":{"line":18,"column":35}},"9":{"start":{"line":19,"column":8},"end":{"line":21,"column":10}},"10":{"start":{"line":25,"column":0},"end":{"line":25,"column":29}}},"fnMap":{"0":{"name":"authenDoctor","decl":{"start":{"line":3,"column":9},"end":{"line":3,"column":21}},"loc":{"start":{"line":3,"column":38},"end":{"line":23,"column":1}},"line":3}},"branchMap":{"0":{"loc":{"start":{"line":7,"column":8},"end":{"line":11,"column":9}},"type":"if","locations":[{"start":{"line":7,"column":8},"end":{"line":11,"column":9}},{"start":{"line":7,"column":8},"end":{"line":11,"column":9}}],"line":7}},"s":{"0":2,"1":5,"2":5,"3":5,"4":5,"5":3,"6":2,"7":2,"8":2,"9":2,"10":2},"f":{"0":5},"b":{"0":[3,2]},"_coverageSchema":"1a1c01bbd47fc00a2c39e90264f33305004495a9","hash":"89d851c8220e3058df8735dc34551bf327d3c5e0"}
,"C:\\Users\\Rafi Pratama\\Desktop\\Ally-Doc\\server\\services\\doctors\\Middleware\\errorHandling.js": {"path":"C:\\Users\\Rafi Pratama\\Desktop\\Ally-Doc\\server\\services\\doctors\\Middleware\\errorHandling.js","statementMap":{"0":{"start":{"line":1,"column":22},"end":{"line":21,"column":1}},"1":{"start":{"line":3,"column":20},"end":{"line":3,"column":31}},"2":{"start":{"line":4,"column":17},"end":{"line":4,"column":32}},"3":{"start":{"line":5,"column":4},"end":{"line":20,"column":5}},"4":{"start":{"line":7,"column":12},"end":{"line":7,"column":44}},"5":{"start":{"line":8,"column":12},"end":{"line":8,"column":18}},"6":{"start":{"line":10,"column":12},"end":{"line":10,"column":44}},"7":{"start":{"line":11,"column":12},"end":{"line":11,"column":18}},"8":{"start":{"line":16,"column":12},"end":{"line":16,"column":44}},"9":{"start":{"line":17,"column":12},"end":{"line":17,"column":17}},"10":{"start":{"line":19,"column":12},"end":{"line":19,"column":37}},"11":{"start":{"line":23,"column":0},"end":{"line":23,"column":30}}},"fnMap":{"0":{"name":"(anonymous_0)","decl":{"start":{"line":1,"column":22},"end":{"line":1,"column":23}},"loc":{"start":{"line":1,"column":47},"end":{"line":21,"column":1}},"line":1}},"branchMap":{"0":{"loc":{"start":{"line":4,"column":17},"end":{"line":4,"column":32}},"type":"binary-expr","locations":[{"start":{"line":4,"column":17},"end":{"line":4,"column":25}},{"start":{"line":4,"column":29},"end":{"line":4,"column":32}}],"line":4},"1":{"loc":{"start":{"line":5,"column":4},"end":{"line":20,"column":5}},"type":"switch","locations":[{"start":{"line":6,"column":8},"end":{"line":8,"column":18}},{"start":{"line":9,"column":8},"end":{"line":11,"column":18}},{"start":{"line":15,"column":8},"end":{"line":17,"column":17}},{"start":{"line":18,"column":8},"end":{"line":19,"column":37}}],"line":5}},"s":{"0":2,"1":41,"2":41,"3":41,"4":27,"5":27,"6":6,"7":6,"8":8,"9":8,"10":0,"11":2},"f":{"0":41},"b":{"0":[41,0],"1":[27,6,8,0]},"_coverageSchema":"1a1c01bbd47fc00a2c39e90264f33305004495a9","hash":"107648da0891e2c05c60c5581dab74353b449620"}
,"C:\\Users\\Rafi Pratama\\Desktop\\Ally-Doc\\server\\services\\doctors\\Model\\DoctorSchema.js": {"path":"C:\\Users\\Rafi Pratama\\Desktop\\Ally-Doc\\server\\services\\doctors\\Model\\DoctorSchema.js","statementMap":{"0":{"start":{"line":1,"column":24},"end":{"line":1,"column":43}},"1":{"start":{"line":3,"column":21},"end":{"line":44,"column":2}},"2":{"start":{"line":46,"column":0},"end":{"line":46,"column":46}}},"fnMap":{},"branchMap":{},"s":{"0":2,"1":2,"2":2},"f":{},"b":{},"_coverageSchema":"1a1c01bbd47fc00a2c39e90264f33305004495a9","hash":"150451aa90bd5e8ff02b25872448f7b00f8295f7"}
,"C:\\Users\\Rafi Pratama\\Desktop\\Ally-Doc\\server\\services\\doctors\\Model\\HistorySchema.js": {"path":"C:\\Users\\Rafi Pratama\\Desktop\\Ally-Doc\\server\\services\\doctors\\Model\\HistorySchema.js","statementMap":{"0":{"start":{"line":1,"column":24},"end":{"line":1,"column":43}},"1":{"start":{"line":3,"column":22},"end":{"line":40,"column":2}},"2":{"start":{"line":42,"column":0},"end":{"line":42,"column":48}}},"fnMap":{},"branchMap":{},"s":{"0":2,"1":2,"2":2},"f":{},"b":{},"_coverageSchema":"1a1c01bbd47fc00a2c39e90264f33305004495a9","hash":"85e90d3e284639826f6e09b765183c10c4277d4a"}
,"C:\\Users\\Rafi Pratama\\Desktop\\Ally-Doc\\server\\services\\doctors\\Router\\Doctor.js": {"path":"C:\\Users\\Rafi Pratama\\Desktop\\Ally-Doc\\server\\services\\doctors\\Router\\Doctor.js","statementMap":{"0":{"start":{"line":1,"column":15},"end":{"line":1,"column":42}},"1":{"start":{"line":2,"column":25},"end":{"line":2,"column":66}},"2":{"start":{"line":4,"column":0},"end":{"line":4,"column":46}},"3":{"start":{"line":5,"column":0},"end":{"line":5,"column":49}},"4":{"start":{"line":6,"column":0},"end":{"line":6,"column":47}},"5":{"start":{"line":7,"column":0},"end":{"line":7,"column":51}},"6":{"start":{"line":8,"column":0},"end":{"line":8,"column":50}},"7":{"start":{"line":9,"column":0},"end":{"line":9,"column":58}},"8":{"start":{"line":10,"column":0},"end":{"line":10,"column":56}},"9":{"start":{"line":11,"column":0},"end":{"line":11,"column":53}},"10":{"start":{"line":14,"column":0},"end":{"line":14,"column":23}}},"fnMap":{},"branchMap":{},"s":{"0":2,"1":2,"2":2,"3":2,"4":2,"5":2,"6":2,"7":2,"8":2,"9":2,"10":2},"f":{},"b":{},"_coverageSchema":"1a1c01bbd47fc00a2c39e90264f33305004495a9","hash":"fe5e17493c7b2a87fa2e244d999f2307f8a1a23e"}
,"C:\\Users\\Rafi Pratama\\Desktop\\Ally-Doc\\server\\services\\doctors\\Router\\History.js": {"path":"C:\\Users\\Rafi Pratama\\Desktop\\Ally-Doc\\server\\services\\doctors\\Router\\History.js","statementMap":{"0":{"start":{"line":1,"column":15},"end":{"line":1,"column":42}},"1":{"start":{"line":2,"column":26},"end":{"line":2,"column":68}},"2":{"start":{"line":3,"column":21},"end":{"line":3,"column":61}},"3":{"start":{"line":5,"column":0},"end":{"line":5,"column":47}},"4":{"start":{"line":6,"column":0},"end":{"line":6,"column":24}},"5":{"start":{"line":7,"column":0},"end":{"line":7,"column":45}},"6":{"start":{"line":8,"column":0},"end":{"line":8,"column":59}},"7":{"start":{"line":10,"column":0},"end":{"line":10,"column":23}}},"fnMap":{},"branchMap":{},"s":{"0":2,"1":2,"2":2,"3":2,"4":2,"5":2,"6":2,"7":2},"f":{},"b":{},"_coverageSchema":"1a1c01bbd47fc00a2c39e90264f33305004495a9","hash":"3355bba6ba8b1245012c6fa5fe8cde143ccf8d7d"}
,"C:\\Users\\Rafi Pratama\\Desktop\\Ally-Doc\\server\\services\\doctors\\Router\\index.js": {"path":"C:\\Users\\Rafi Pratama\\Desktop\\Ally-Doc\\server\\services\\doctors\\Router\\index.js","statementMap":{"0":{"start":{"line":1,"column":15},"end":{"line":1,"column":42}},"1":{"start":{"line":2,"column":21},"end":{"line":2,"column":40}},"2":{"start":{"line":3,"column":22},"end":{"line":3,"column":42}},"3":{"start":{"line":6,"column":0},"end":{"line":6,"column":35}},"4":{"start":{"line":7,"column":0},"end":{"line":7,"column":37}},"5":{"start":{"line":9,"column":0},"end":{"line":9,"column":23}}},"fnMap":{},"branchMap":{},"s":{"0":2,"1":2,"2":2,"3":2,"4":2,"5":2},"f":{},"b":{},"_coverageSchema":"1a1c01bbd47fc00a2c39e90264f33305004495a9","hash":"ef1d7bb100f9ea8c8c9d0875dc30ec2893a7a695"}
}
