TN:
SF:app.js
FNF:0
FNH:0
DA:1,2
DA:2,2
DA:3,2
DA:4,2
DA:5,2
DA:7,2
DA:8,2
DA:10,2
DA:11,2
DA:12,2
DA:14,2
DA:15,2
DA:19,2
LF:13
LH:13
BRDA:4,0,0,2
BRDA:4,0,1,0
BRF:2
BRH:1
end_of_record
TN:
SF:Controller\ControllerDoctor.js
FN:6,(anonymous_0)
FN:63,(anonymous_1)
FN:76,(anonymous_2)
FN:102,(anonymous_3)
FN:151,(anonymous_4)
FN:179,(anonymous_5)
FN:219,(anonymous_6)
FN:247,(anonymous_7)
FNF:8
FNH:8
FNDA:10,(anonymous_0)
FNDA:1,(anonymous_1)
FNDA:3,(anonymous_2)
FNDA:8,(anonymous_3)
FNDA:4,(anonymous_4)
FNDA:4,(anonymous_5)
FNDA:4,(anonymous_6)
FNDA:4,(anonymous_7)
DA:1,2
DA:2,2
DA:3,2
DA:7,10
DA:8,10
DA:9,10
DA:10,9
DA:12,8
DA:13,8
DA:14,8
DA:24,1
DA:28,1
DA:32,1
DA:35,1
DA:38,9
DA:39,7
DA:40,7
DA:41,7
DA:43,7
DA:45,9
DA:51,9
DA:52,1
DA:53,1
DA:55,9
DA:56,9
DA:57,9
DA:64,1
DA:65,1
DA:66,1
DA:77,3
DA:78,3
DA:80,3
DA:81,1
DA:82,1
DA:90,2
DA:91,2
DA:93,2
DA:94,2
DA:95,2
DA:103,8
DA:104,8
DA:105,8
DA:106,8
DA:107,6
DA:108,5
DA:109,4
DA:110,3
DA:111,2
DA:112,1
DA:113,1
DA:115,2
DA:128,1
DA:129,1
DA:130,1
DA:139,7
DA:140,1
DA:142,7
DA:143,7
DA:144,7
DA:152,4
DA:153,4
DA:154,4
DA:155,3
DA:156,2
DA:157,2
DA:158,1
DA:160,1
DA:163,3
DA:164,1
DA:165,1
DA:167,3
DA:168,1
DA:170,3
DA:171,3
DA:172,3
DA:180,4
DA:181,4
DA:182,4
DA:183,4
DA:184,3
DA:185,2
DA:186,1
DA:190,1
DA:198,1
DA:200,1
DA:203,1
DA:206,3
DA:207,1
DA:208,1
DA:210,3
DA:211,3
DA:212,3
DA:220,4
DA:221,4
DA:222,4
DA:223,4
DA:224,1
DA:226,3
DA:227,2
DA:228,1
DA:229,1
DA:231,1
DA:235,3
DA:236,1
DA:238,3
DA:239,3
DA:240,3
DA:248,4
DA:249,4
DA:250,4
DA:251,4
DA:252,3
DA:253,2
DA:254,1
DA:255,1
DA:257,1
DA:260,1
DA:263,3
DA:264,1
DA:266,3
DA:267,3
DA:268,3
DA:276,2
LF:123
LH:123
BRDA:10,0,0,8
BRDA:10,0,1,1
BRDA:13,1,0,7
BRDA:13,1,1,1
BRDA:24,2,0,0
BRDA:24,2,1,1
BRDA:38,3,0,7
BRDA:38,3,1,2
BRDA:45,4,0,0
BRDA:45,4,1,9
BRDA:51,5,0,1
BRDA:51,5,1,8
BRDA:81,6,0,1
BRDA:81,6,1,0
BRDA:90,7,0,2
BRDA:90,7,1,0
BRDA:106,8,0,6
BRDA:106,8,1,2
BRDA:106,9,0,8
BRDA:106,9,1,7
BRDA:106,9,2,6
BRDA:106,9,3,5
BRDA:106,9,4,4
BRDA:106,9,5,3
BRDA:107,10,0,1
BRDA:107,10,1,5
BRDA:108,11,0,1
BRDA:108,11,1,4
BRDA:109,12,0,1
BRDA:109,12,1,3
BRDA:110,13,0,1
BRDA:110,13,1,2
BRDA:111,14,0,1
BRDA:111,14,1,1
BRDA:112,15,0,1
BRDA:112,15,1,0
BRDA:128,16,0,1
BRDA:128,16,1,0
BRDA:139,17,0,1
BRDA:139,17,1,6
BRDA:155,18,0,2
BRDA:155,18,1,1
BRDA:163,19,0,1
BRDA:163,19,1,2
BRDA:167,20,0,1
BRDA:167,20,1,2
BRDA:183,21,0,3
BRDA:183,21,1,1
BRDA:185,22,0,1
BRDA:185,22,1,1
BRDA:206,23,0,1
BRDA:206,23,1,2
BRDA:223,24,0,1
BRDA:223,24,1,3
BRDA:227,25,0,1
BRDA:227,25,1,1
BRDA:235,26,0,1
BRDA:235,26,1,2
BRDA:251,27,0,3
BRDA:251,27,1,1
BRDA:253,28,0,1
BRDA:253,28,1,1
BRDA:263,29,0,1
BRDA:263,29,1,2
BRF:64
BRH:58
end_of_record
TN:
SF:Controller\ControllerHistory.js
FN:4,(anonymous_0)
FN:16,(anonymous_1)
FN:42,(anonymous_2)
FNF:3
FNH:3
FNDA:1,(anonymous_0)
FNDA:9,(anonymous_1)
FNDA:2,(anonymous_2)
DA:1,2
DA:5,1
DA:6,1
DA:7,1
DA:17,9
DA:18,9
DA:19,9
DA:20,1
DA:21,1
DA:27,8
DA:28,8
DA:29,8
DA:30,8
DA:32,8
DA:34,8
DA:35,8
DA:36,8
DA:43,2
DA:44,2
DA:45,2
DA:46,2
DA:47,1
DA:55,1
DA:57,1
DA:60,1
DA:61,1
DA:62,1
DA:70,2
LF:28
LH:28
BRDA:20,0,0,1
BRDA:20,0,1,0
BRDA:27,1,0,8
BRDA:27,1,1,0
BRDA:46,2,0,1
BRDA:46,2,1,1
BRF:6
BRH:4
end_of_record
TN:
SF:Helper\Bcrypt.js
FN:3,hashSync
FN:7,compareSync
FNF:2
FNH:2
FNDA:7,hashSync
FNDA:3,compareSync
DA:1,2
DA:4,7
DA:8,3
DA:11,2
LF:4
LH:4
BRF:0
BRH:0
end_of_record
TN:
SF:Middleware\authenthication.js
FN:3,authenDoctor
FNF:1
FNH:1
FNDA:5,authenDoctor
DA:1,2
DA:4,5
DA:5,5
DA:6,5
DA:7,5
DA:8,3
DA:10,2
DA:17,2
DA:18,2
DA:19,2
DA:25,2
LF:11
LH:11
BRDA:7,0,0,3
BRDA:7,0,1,2
BRF:2
BRH:2
end_of_record
TN:
SF:Middleware\errorHandling.js
FN:1,(anonymous_0)
FNF:1
FNH:1
FNDA:41,(anonymous_0)
DA:1,2
DA:3,41
DA:4,41
DA:5,41
DA:7,27
DA:8,27
DA:10,6
DA:11,6
DA:16,8
DA:17,8
DA:19,0
DA:23,2
LF:12
LH:11
BRDA:4,0,0,41
BRDA:4,0,1,0
BRDA:5,1,0,27
BRDA:5,1,1,6
BRDA:5,1,2,8
BRDA:5,1,3,0
BRF:6
BRH:4
end_of_record
TN:
SF:Model\DoctorSchema.js
FNF:0
FNH:0
DA:1,2
DA:3,2
DA:46,2
LF:3
LH:3
BRF:0
BRH:0
end_of_record
TN:
SF:Model\HistorySchema.js
FNF:0
FNH:0
DA:1,2
DA:3,2
DA:42,2
LF:3
LH:3
BRF:0
BRH:0
end_of_record
TN:
SF:Router\Doctor.js
FNF:0
FNH:0
DA:1,2
DA:2,2
DA:4,2
DA:5,2
DA:6,2
DA:7,2
DA:8,2
DA:9,2
DA:10,2
DA:11,2
DA:14,2
LF:11
LH:11
BRF:0
BRH:0
end_of_record
TN:
SF:Router\History.js
FNF:0
FNH:0
DA:1,2
DA:2,2
DA:3,2
DA:5,2
DA:6,2
DA:7,2
DA:8,2
DA:10,2
LF:8
LH:8
BRF:0
BRH:0
end_of_record
TN:
SF:Router\index.js
FNF:0
FNH:0
DA:1,2
DA:2,2
DA:3,2
DA:6,2
DA:7,2
DA:9,2
LF:6
LH:6
BRF:0
BRH:0
end_of_record
