TN:
SF:app.js
FNF:0
FNH:0
DA:1,2
DA:2,2
DA:3,2
DA:4,2
DA:5,2
DA:7,2
DA:8,2
DA:10,2
DA:11,2
DA:12,2
DA:14,2
DA:15,2
DA:19,2
LF:13
LH:13
BRDA:4,0,0,2
BRDA:4,0,1,0
BRF:2
BRH:1
end_of_record
TN:
SF:Controller\ControllerDoctor.js
FN:6,(anonymous_0)
FN:65,(anonymous_1)
FN:78,(anonymous_2)
FN:107,(anonymous_3)
FN:157,(anonymous_4)
FN:185,(anonymous_5)
FN:226,(anonymous_6)
FN:255,(anonymous_7)
FNF:8
FNH:8
FNDA:10,(anonymous_0)
FNDA:1,(anonymous_1)
FNDA:3,(anonymous_2)
FNDA:8,(anonymous_3)
FNDA:4,(anonymous_4)
FNDA:4,(anonymous_5)
FNDA:4,(anonymous_6)
FNDA:4,(anonymous_7)
DA:1,2
DA:2,2
DA:3,2
DA:7,10
DA:8,10
DA:9,10
DA:10,9
DA:12,8
DA:14,8
DA:15,8
DA:25,1
DA:29,1
DA:33,1
DA:36,1
DA:39,9
DA:40,9
DA:41,7
DA:42,7
DA:43,7
DA:45,7
DA:47,9
DA:53,9
DA:54,1
DA:55,1
DA:57,9
DA:58,9
DA:59,9
DA:66,1
DA:67,1
DA:68,1
DA:79,3
DA:80,3
DA:81,3
DA:83,3
DA:84,1
DA:85,1
DA:94,2
DA:96,2
DA:98,2
DA:99,2
DA:100,2
DA:108,8
DA:109,8
DA:110,8
DA:111,8
DA:112,6
DA:113,5
DA:114,4
DA:115,3
DA:116,2
DA:117,1
DA:118,1
DA:120,2
DA:133,1
DA:134,1
DA:135,1
DA:136,1
DA:145,7
DA:146,1
DA:148,7
DA:149,7
DA:150,7
DA:158,4
DA:159,4
DA:160,4
DA:161,3
DA:162,2
DA:163,2
DA:164,1
DA:166,1
DA:169,3
DA:170,1
DA:171,1
DA:173,3
DA:174,1
DA:176,3
DA:177,3
DA:178,3
DA:186,4
DA:187,4
DA:188,4
DA:189,4
DA:190,3
DA:191,2
DA:192,1
DA:196,1
DA:204,1
DA:206,1
DA:209,1
DA:212,3
DA:213,3
DA:214,1
DA:215,1
DA:217,3
DA:218,3
DA:219,3
DA:227,4
DA:228,4
DA:229,4
DA:230,4
DA:231,1
DA:233,3
DA:234,2
DA:235,1
DA:236,1
DA:238,1
DA:242,3
DA:243,3
DA:244,1
DA:246,3
DA:247,3
DA:248,3
DA:256,4
DA:257,4
DA:258,4
DA:259,4
DA:260,3
DA:261,2
DA:262,1
DA:263,1
DA:265,1
DA:268,1
DA:271,3
DA:272,1
DA:274,3
DA:275,3
DA:276,3
DA:284,2
LF:128
LH:128
BRDA:10,0,0,8
BRDA:10,0,1,1
BRDA:14,1,0,7
BRDA:14,1,1,1
BRDA:25,2,0,0
BRDA:25,2,1,1
BRDA:40,3,0,7
BRDA:40,3,1,2
BRDA:47,4,0,0
BRDA:47,4,1,9
BRDA:53,5,0,1
BRDA:53,5,1,8
BRDA:84,6,0,1
BRDA:84,6,1,0
BRDA:94,7,0,2
BRDA:94,7,1,0
BRDA:111,8,0,6
BRDA:111,8,1,2
BRDA:111,9,0,8
BRDA:111,9,1,7
BRDA:111,9,2,6
BRDA:111,9,3,5
BRDA:111,9,4,4
BRDA:111,9,5,3
BRDA:112,10,0,1
BRDA:112,10,1,5
BRDA:113,11,0,1
BRDA:113,11,1,4
BRDA:114,12,0,1
BRDA:114,12,1,3
BRDA:115,13,0,1
BRDA:115,13,1,2
BRDA:116,14,0,1
BRDA:116,14,1,1
BRDA:117,15,0,1
BRDA:117,15,1,0
BRDA:133,16,0,1
BRDA:133,16,1,0
BRDA:145,17,0,1
BRDA:145,17,1,6
BRDA:161,18,0,2
BRDA:161,18,1,1
BRDA:169,19,0,1
BRDA:169,19,1,2
BRDA:173,20,0,1
BRDA:173,20,1,2
BRDA:189,21,0,3
BRDA:189,21,1,1
BRDA:191,22,0,1
BRDA:191,22,1,1
BRDA:213,23,0,1
BRDA:213,23,1,2
BRDA:230,24,0,1
BRDA:230,24,1,3
BRDA:234,25,0,1
BRDA:234,25,1,1
BRDA:243,26,0,1
BRDA:243,26,1,2
BRDA:259,27,0,3
BRDA:259,27,1,1
BRDA:261,28,0,1
BRDA:261,28,1,1
BRDA:271,29,0,1
BRDA:271,29,1,2
BRF:64
BRH:58
end_of_record
TN:
SF:Controller\ControllerHistory.js
FN:4,(anonymous_0)
FN:17,(anonymous_1)
FN:49,(anonymous_2)
FNF:3
FNH:3
FNDA:1,(anonymous_0)
FNDA:4,(anonymous_1)
FNDA:2,(anonymous_2)
DA:1,2
DA:5,1
DA:6,1
DA:7,1
DA:18,4
DA:19,4
DA:20,4
DA:26,1
DA:27,1
DA:34,3
DA:35,3
DA:36,3
DA:37,3
DA:39,3
DA:41,3
DA:42,3
DA:43,3
DA:50,2
DA:51,2
DA:52,2
DA:53,2
DA:54,1
DA:62,1
DA:64,1
DA:68,1
DA:69,1
DA:70,1
DA:78,2
LF:28
LH:28
BRDA:26,0,0,1
BRDA:26,0,1,0
BRDA:34,1,0,3
BRDA:34,1,1,0
BRDA:53,2,0,1
BRDA:53,2,1,1
BRF:6
BRH:4
end_of_record
TN:
SF:Helper\Bcrypt.js
FN:3,hashSync
FN:7,compareSync
FNF:2
FNH:2
FNDA:7,hashSync
FNDA:3,compareSync
DA:1,2
DA:4,7
DA:8,3
DA:11,2
LF:4
LH:4
BRF:0
BRH:0
end_of_record
TN:
SF:Middleware\authenthication.js
FN:3,authenDoctor
FNF:1
FNH:1
FNDA:5,authenDoctor
DA:1,2
DA:4,5
DA:5,5
DA:6,5
DA:7,5
DA:8,3
DA:10,2
DA:17,2
DA:18,2
DA:19,2
DA:25,2
LF:11
LH:11
BRDA:7,0,0,3
BRDA:7,0,1,2
BRF:2
BRH:2
end_of_record
TN:
SF:Middleware\errorHandling.js
FN:1,(anonymous_0)
FNF:1
FNH:1
FNDA:36,(anonymous_0)
DA:1,2
DA:3,36
DA:4,36
DA:5,36
DA:7,22
DA:8,22
DA:10,6
DA:11,6
DA:16,8
DA:17,8
DA:19,0
DA:23,2
LF:12
LH:11
BRDA:4,0,0,36
BRDA:4,0,1,0
BRDA:5,1,0,22
BRDA:5,1,1,6
BRDA:5,1,2,8
BRDA:5,1,3,0
BRF:6
BRH:4
end_of_record
TN:
SF:Model\DoctorSchema.js
FNF:0
FNH:0
DA:1,2
DA:3,2
DA:46,2
LF:3
LH:3
BRF:0
BRH:0
end_of_record
TN:
SF:Model\HistorySchema.js
FNF:0
FNH:0
DA:1,2
DA:3,2
DA:22,2
LF:3
LH:3
BRF:0
BRH:0
end_of_record
TN:
SF:Router\Doctor.js
FNF:0
FNH:0
DA:1,2
DA:2,2
DA:4,2
DA:5,2
DA:6,2
DA:7,2
DA:8,2
DA:9,2
DA:10,2
DA:11,2
DA:14,2
LF:11
LH:11
BRF:0
BRH:0
end_of_record
TN:
SF:Router\History.js
FNF:0
FNH:0
DA:1,2
DA:2,2
DA:3,2
DA:5,2
DA:6,2
DA:7,2
DA:8,2
DA:10,2
LF:8
LH:8
BRF:0
BRH:0
end_of_record
TN:
SF:Router\index.js
FNF:0
FNH:0
DA:1,2
DA:2,2
DA:3,2
DA:6,2
DA:7,2
DA:9,2
LF:6
LH:6
BRF:0
BRH:0
end_of_record
