{"/home/wilsonangara/Studyspace/Phase-3/final-project/Ally-Doc/server/services/users/app.js": {"path":"/home/wilsonangara/Studyspace/Phase-3/final-project/Ally-Doc/server/services/users/app.js","statementMap":{"0":{"start":{"line":1,"column":0},"end":{"line":1,"column":27}},"1":{"start":{"line":3,"column":13},"end":{"line":3,"column":28}},"2":{"start":{"line":4,"column":16},"end":{"line":4,"column":34}},"3":{"start":{"line":5,"column":12},"end":{"line":5,"column":21}},"4":{"start":{"line":6,"column":15},"end":{"line":6,"column":43}},"5":{"start":{"line":7,"column":21},"end":{"line":7,"column":61}},"6":{"start":{"line":9,"column":0},"end":{"line":9,"column":16}},"7":{"start":{"line":10,"column":0},"end":{"line":10,"column":48}},"8":{"start":{"line":11,"column":0},"end":{"line":11,"column":24}},"9":{"start":{"line":13,"column":0},"end":{"line":13,"column":16}},"10":{"start":{"line":15,"column":0},"end":{"line":15,"column":22}},"11":{"start":{"line":17,"column":0},"end":{"line":17,"column":21}}},"fnMap":{},"branchMap":{},"s":{"0":1,"1":1,"2":1,"3":1,"4":1,"5":1,"6":1,"7":1,"8":1,"9":1,"10":1,"11":1},"f":{},"b":{},"_coverageSchema":"1a1c01bbd47fc00a2c39e90264f33305004495a9","hash":"8ccfae44d5a6f9f86456943b3b443ea64eabb661"}
,"/home/wilsonangara/Studyspace/Phase-3/final-project/Ally-Doc/server/services/users/controllers/mainController.js": {"path":"/home/wilsonangara/Studyspace/Phase-3/final-project/Ally-Doc/server/services/users/controllers/mainController.js","statementMap":{"0":{"start":{"line":1,"column":18},"end":{"line":1,"column":46}},"1":{"start":{"line":2,"column":40},"end":{"line":2,"column":73}},"2":{"start":{"line":3,"column":20},"end":{"line":3,"column":48}},"3":{"start":{"line":7,"column":2},"end":{"line":52,"column":3}},"4":{"start":{"line":8,"column":3},"end":{"line":13,"column":4}},"5":{"start":{"line":9,"column":4},"end":{"line":12,"column":6}},"6":{"start":{"line":14,"column":21},"end":{"line":16,"column":23}},"7":{"start":{"line":17,"column":19},"end":{"line":27,"column":5}},"8":{"start":{"line":28,"column":24},"end":{"line":28,"column":44}},"9":{"start":{"line":29,"column":22},"end":{"line":33,"column":4}},"10":{"start":{"line":34,"column":3},"end":{"line":34,"column":42}},"11":{"start":{"line":37,"column":3},"end":{"line":51,"column":4}},"12":{"start":{"line":38,"column":4},"end":{"line":38,"column":14}},"13":{"start":{"line":56,"column":2},"end":{"line":97,"column":3}},"14":{"start":{"line":57,"column":29},"end":{"line":57,"column":37}},"15":{"start":{"line":58,"column":3},"end":{"line":63,"column":4}},"16":{"start":{"line":59,"column":4},"end":{"line":62,"column":6}},"17":{"start":{"line":64,"column":3},"end":{"line":69,"column":4}},"18":{"start":{"line":65,"column":4},"end":{"line":68,"column":6}},"19":{"start":{"line":70,"column":19},"end":{"line":70,"column":53}},"20":{"start":{"line":71,"column":3},"end":{"line":76,"column":4}},"21":{"start":{"line":72,"column":4},"end":{"line":75,"column":6}},"22":{"start":{"line":77,"column":25},"end":{"line":77,"column":68}},"23":{"start":{"line":78,"column":3},"end":{"line":83,"column":4}},"24":{"start":{"line":79,"column":4},"end":{"line":82,"column":6}},"25":{"start":{"line":84,"column":22},"end":{"line":88,"column":4}},"26":{"start":{"line":89,"column":3},"end":{"line":89,"column":42}},"27":{"start":{"line":92,"column":3},"end":{"line":96,"column":4}},"28":{"start":{"line":93,"column":4},"end":{"line":93,"column":14}},"29":{"start":{"line":101,"column":2},"end":{"line":110,"column":3}},"30":{"start":{"line":102,"column":24},"end":{"line":105,"column":4}},"31":{"start":{"line":106,"column":3},"end":{"line":106,"column":40}},"32":{"start":{"line":114,"column":2},"end":{"line":131,"column":3}},"33":{"start":{"line":115,"column":16},"end":{"line":115,"column":26}},"34":{"start":{"line":116,"column":19},"end":{"line":119,"column":4}},"35":{"start":{"line":120,"column":3},"end":{"line":122,"column":4}},"36":{"start":{"line":121,"column":4},"end":{"line":121,"column":47}},"37":{"start":{"line":123,"column":3},"end":{"line":123,"column":35}},"38":{"start":{"line":126,"column":3},"end":{"line":130,"column":4}},"39":{"start":{"line":127,"column":4},"end":{"line":127,"column":14}},"40":{"start":{"line":135,"column":2},"end":{"line":163,"column":3}},"41":{"start":{"line":136,"column":16},"end":{"line":136,"column":26}},"42":{"start":{"line":137,"column":3},"end":{"line":139,"column":4}},"43":{"start":{"line":138,"column":4},"end":{"line":138,"column":47}},"44":{"start":{"line":140,"column":21},"end":{"line":140,"column":57}},"45":{"start":{"line":141,"column":3},"end":{"line":143,"column":4}},"46":{"start":{"line":142,"column":4},"end":{"line":142,"column":47}},"47":{"start":{"line":144,"column":3},"end":{"line":144,"column":28}},"48":{"start":{"line":145,"column":20},"end":{"line":152,"column":4}},"49":{"start":{"line":153,"column":3},"end":{"line":155,"column":6}},"50":{"start":{"line":158,"column":3},"end":{"line":162,"column":4}},"51":{"start":{"line":159,"column":4},"end":{"line":159,"column":14}},"52":{"start":{"line":167,"column":2},"end":{"line":214,"column":3}},"53":{"start":{"line":168,"column":16},"end":{"line":168,"column":26}},"54":{"start":{"line":169,"column":62},"end":{"line":169,"column":70}},"55":{"start":{"line":170,"column":3},"end":{"line":172,"column":4}},"56":{"start":{"line":171,"column":4},"end":{"line":171,"column":54}},"57":{"start":{"line":173,"column":3},"end":{"line":175,"column":4}},"58":{"start":{"line":174,"column":4},"end":{"line":174,"column":55}},"59":{"start":{"line":176,"column":3},"end":{"line":178,"column":4}},"60":{"start":{"line":177,"column":4},"end":{"line":177,"column":55}},"61":{"start":{"line":179,"column":3},"end":{"line":181,"column":4}},"62":{"start":{"line":180,"column":4},"end":{"line":180,"column":52}},"63":{"start":{"line":182,"column":3},"end":{"line":184,"column":4}},"64":{"start":{"line":183,"column":4},"end":{"line":183,"column":61}},"65":{"start":{"line":185,"column":21},"end":{"line":185,"column":57}},"66":{"start":{"line":186,"column":3},"end":{"line":188,"column":4}},"67":{"start":{"line":187,"column":4},"end":{"line":187,"column":47}},"68":{"start":{"line":189,"column":20},"end":{"line":201,"column":4}},"69":{"start":{"line":202,"column":21},"end":{"line":205,"column":4}},"70":{"start":{"line":206,"column":3},"end":{"line":206,"column":37}},"71":{"start":{"line":209,"column":3},"end":{"line":213,"column":4}},"72":{"start":{"line":210,"column":4},"end":{"line":210,"column":14}},"73":{"start":{"line":218,"column":2},"end":{"line":270,"column":3}},"74":{"start":{"line":219,"column":16},"end":{"line":219,"column":26}},"75":{"start":{"line":220,"column":57},"end":{"line":220,"column":65}},"76":{"start":{"line":221,"column":3},"end":{"line":226,"column":4}},"77":{"start":{"line":222,"column":4},"end":{"line":225,"column":6}},"78":{"start":{"line":227,"column":3},"end":{"line":232,"column":4}},"79":{"start":{"line":228,"column":4},"end":{"line":231,"column":6}},"80":{"start":{"line":233,"column":3},"end":{"line":238,"column":4}},"81":{"start":{"line":234,"column":4},"end":{"line":237,"column":6}},"82":{"start":{"line":239,"column":3},"end":{"line":244,"column":4}},"83":{"start":{"line":240,"column":4},"end":{"line":243,"column":6}},"84":{"start":{"line":245,"column":21},"end":{"line":245,"column":57}},"85":{"start":{"line":246,"column":3},"end":{"line":248,"column":4}},"86":{"start":{"line":247,"column":4},"end":{"line":247,"column":47}},"87":{"start":{"line":249,"column":24},"end":{"line":261,"column":4}},"88":{"start":{"line":262,"column":3},"end":{"line":262,"column":65}},"89":{"start":{"line":265,"column":3},"end":{"line":269,"column":4}},"90":{"start":{"line":266,"column":4},"end":{"line":266,"column":14}},"91":{"start":{"line":274,"column":2},"end":{"line":288,"column":3}},"92":{"start":{"line":275,"column":16},"end":{"line":275,"column":26}},"93":{"start":{"line":276,"column":20},"end":{"line":276,"column":58}},"94":{"start":{"line":277,"column":3},"end":{"line":279,"column":4}},"95":{"start":{"line":278,"column":4},"end":{"line":278,"column":47}},"96":{"start":{"line":280,"column":3},"end":{"line":280,"column":62}},"97":{"start":{"line":283,"column":3},"end":{"line":287,"column":4}},"98":{"start":{"line":284,"column":4},"end":{"line":284,"column":14}},"99":{"start":{"line":292,"column":0},"end":{"line":292,"column":32}}},"fnMap":{"0":{"name":"(anonymous_0)","decl":{"start":{"line":6,"column":1},"end":{"line":6,"column":2}},"loc":{"start":{"line":6,"column":41},"end":{"line":53,"column":2}},"line":6},"1":{"name":"(anonymous_1)","decl":{"start":{"line":55,"column":1},"end":{"line":55,"column":2}},"loc":{"start":{"line":55,"column":40},"end":{"line":98,"column":2}},"line":55},"2":{"name":"(anonymous_2)","decl":{"start":{"line":100,"column":1},"end":{"line":100,"column":2}},"loc":{"start":{"line":100,"column":43},"end":{"line":111,"column":2}},"line":100},"3":{"name":"(anonymous_3)","decl":{"start":{"line":113,"column":1},"end":{"line":113,"column":2}},"loc":{"start":{"line":113,"column":39},"end":{"line":132,"column":2}},"line":113},"4":{"name":"(anonymous_4)","decl":{"start":{"line":134,"column":1},"end":{"line":134,"column":2}},"loc":{"start":{"line":134,"column":46},"end":{"line":164,"column":2}},"line":134},"5":{"name":"(anonymous_5)","decl":{"start":{"line":166,"column":1},"end":{"line":166,"column":2}},"loc":{"start":{"line":166,"column":41},"end":{"line":215,"column":2}},"line":166},"6":{"name":"(anonymous_6)","decl":{"start":{"line":217,"column":1},"end":{"line":217,"column":2}},"loc":{"start":{"line":217,"column":48},"end":{"line":271,"column":2}},"line":217},"7":{"name":"(anonymous_7)","decl":{"start":{"line":273,"column":1},"end":{"line":273,"column":2}},"loc":{"start":{"line":273,"column":41},"end":{"line":289,"column":2}},"line":273}},"branchMap":{"0":{"loc":{"start":{"line":8,"column":3},"end":{"line":13,"column":4}},"type":"if","locations":[{"start":{"line":8,"column":3},"end":{"line":13,"column":4}},{"start":{"line":8,"column":3},"end":{"line":13,"column":4}}],"line":8},"1":{"loc":{"start":{"line":14,"column":21},"end":{"line":16,"column":23}},"type":"cond-expr","locations":[{"start":{"line":15,"column":6},"end":{"line":15,"column":37}},{"start":{"line":16,"column":6},"end":{"line":16,"column":23}}],"line":14},"2":{"loc":{"start":{"line":37,"column":3},"end":{"line":51,"column":4}},"type":"if","locations":[{"start":{"line":37,"column":3},"end":{"line":51,"column":4}}],"line":37},"3":{"loc":{"start":{"line":58,"column":3},"end":{"line":63,"column":4}},"type":"if","locations":[{"start":{"line":58,"column":3},"end":{"line":63,"column":4}},{"start":{"line":58,"column":3},"end":{"line":63,"column":4}}],"line":58},"4":{"loc":{"start":{"line":64,"column":3},"end":{"line":69,"column":4}},"type":"if","locations":[{"start":{"line":64,"column":3},"end":{"line":69,"column":4}},{"start":{"line":64,"column":3},"end":{"line":69,"column":4}}],"line":64},"5":{"loc":{"start":{"line":71,"column":3},"end":{"line":76,"column":4}},"type":"if","locations":[{"start":{"line":71,"column":3},"end":{"line":76,"column":4}},{"start":{"line":71,"column":3},"end":{"line":76,"column":4}}],"line":71},"6":{"loc":{"start":{"line":78,"column":3},"end":{"line":83,"column":4}},"type":"if","locations":[{"start":{"line":78,"column":3},"end":{"line":83,"column":4}},{"start":{"line":78,"column":3},"end":{"line":83,"column":4}}],"line":78},"7":{"loc":{"start":{"line":92,"column":3},"end":{"line":96,"column":4}},"type":"if","locations":[{"start":{"line":92,"column":3},"end":{"line":96,"column":4}}],"line":92},"8":{"loc":{"start":{"line":120,"column":3},"end":{"line":122,"column":4}},"type":"if","locations":[{"start":{"line":120,"column":3},"end":{"line":122,"column":4}},{"start":{"line":120,"column":3},"end":{"line":122,"column":4}}],"line":120},"9":{"loc":{"start":{"line":126,"column":3},"end":{"line":130,"column":4}},"type":"if","locations":[{"start":{"line":126,"column":3},"end":{"line":130,"column":4}}],"line":126},"10":{"loc":{"start":{"line":137,"column":3},"end":{"line":139,"column":4}},"type":"if","locations":[{"start":{"line":137,"column":3},"end":{"line":139,"column":4}},{"start":{"line":137,"column":3},"end":{"line":139,"column":4}}],"line":137},"11":{"loc":{"start":{"line":141,"column":3},"end":{"line":143,"column":4}},"type":"if","locations":[{"start":{"line":141,"column":3},"end":{"line":143,"column":4}},{"start":{"line":141,"column":3},"end":{"line":143,"column":4}}],"line":141},"12":{"loc":{"start":{"line":158,"column":3},"end":{"line":162,"column":4}},"type":"if","locations":[{"start":{"line":158,"column":3},"end":{"line":162,"column":4}}],"line":158},"13":{"loc":{"start":{"line":170,"column":3},"end":{"line":172,"column":4}},"type":"if","locations":[{"start":{"line":170,"column":3},"end":{"line":172,"column":4}},{"start":{"line":170,"column":3},"end":{"line":172,"column":4}}],"line":170},"14":{"loc":{"start":{"line":173,"column":3},"end":{"line":175,"column":4}},"type":"if","locations":[{"start":{"line":173,"column":3},"end":{"line":175,"column":4}},{"start":{"line":173,"column":3},"end":{"line":175,"column":4}}],"line":173},"15":{"loc":{"start":{"line":176,"column":3},"end":{"line":178,"column":4}},"type":"if","locations":[{"start":{"line":176,"column":3},"end":{"line":178,"column":4}},{"start":{"line":176,"column":3},"end":{"line":178,"column":4}}],"line":176},"16":{"loc":{"start":{"line":179,"column":3},"end":{"line":181,"column":4}},"type":"if","locations":[{"start":{"line":179,"column":3},"end":{"line":181,"column":4}},{"start":{"line":179,"column":3},"end":{"line":181,"column":4}}],"line":179},"17":{"loc":{"start":{"line":182,"column":3},"end":{"line":184,"column":4}},"type":"if","locations":[{"start":{"line":182,"column":3},"end":{"line":184,"column":4}},{"start":{"line":182,"column":3},"end":{"line":184,"column":4}}],"line":182},"18":{"loc":{"start":{"line":186,"column":3},"end":{"line":188,"column":4}},"type":"if","locations":[{"start":{"line":186,"column":3},"end":{"line":188,"column":4}},{"start":{"line":186,"column":3},"end":{"line":188,"column":4}}],"line":186},"19":{"loc":{"start":{"line":209,"column":3},"end":{"line":213,"column":4}},"type":"if","locations":[{"start":{"line":209,"column":3},"end":{"line":213,"column":4}}],"line":209},"20":{"loc":{"start":{"line":221,"column":3},"end":{"line":226,"column":4}},"type":"if","locations":[{"start":{"line":221,"column":3},"end":{"line":226,"column":4}},{"start":{"line":221,"column":3},"end":{"line":226,"column":4}}],"line":221},"21":{"loc":{"start":{"line":227,"column":3},"end":{"line":232,"column":4}},"type":"if","locations":[{"start":{"line":227,"column":3},"end":{"line":232,"column":4}},{"start":{"line":227,"column":3},"end":{"line":232,"column":4}}],"line":227},"22":{"loc":{"start":{"line":233,"column":3},"end":{"line":238,"column":4}},"type":"if","locations":[{"start":{"line":233,"column":3},"end":{"line":238,"column":4}},{"start":{"line":233,"column":3},"end":{"line":238,"column":4}}],"line":233},"23":{"loc":{"start":{"line":239,"column":3},"end":{"line":244,"column":4}},"type":"if","locations":[{"start":{"line":239,"column":3},"end":{"line":244,"column":4}},{"start":{"line":239,"column":3},"end":{"line":244,"column":4}}],"line":239},"24":{"loc":{"start":{"line":246,"column":3},"end":{"line":248,"column":4}},"type":"if","locations":[{"start":{"line":246,"column":3},"end":{"line":248,"column":4}},{"start":{"line":246,"column":3},"end":{"line":248,"column":4}}],"line":246},"25":{"loc":{"start":{"line":265,"column":3},"end":{"line":269,"column":4}},"type":"if","locations":[{"start":{"line":265,"column":3},"end":{"line":269,"column":4}}],"line":265},"26":{"loc":{"start":{"line":277,"column":3},"end":{"line":279,"column":4}},"type":"if","locations":[{"start":{"line":277,"column":3},"end":{"line":279,"column":4}},{"start":{"line":277,"column":3},"end":{"line":279,"column":4}}],"line":277},"27":{"loc":{"start":{"line":283,"column":3},"end":{"line":287,"column":4}},"type":"if","locations":[{"start":{"line":283,"column":3},"end":{"line":287,"column":4}}],"line":283}},"s":{"0":1,"1":1,"2":1,"3":9,"4":9,"5":1,"6":8,"7":8,"8":8,"9":1,"10":1,"11":8,"12":1,"13":5,"14":5,"15":5,"16":1,"17":4,"18":1,"19":3,"20":3,"21":1,"22":2,"23":2,"24":1,"25":1,"26":1,"27":4,"28":4,"29":1,"30":1,"31":1,"32":2,"33":2,"34":2,"35":2,"36":1,"37":1,"38":1,"39":1,"40":3,"41":3,"42":3,"43":1,"44":2,"45":2,"46":1,"47":1,"48":1,"49":1,"50":2,"51":2,"52":6,"53":6,"54":6,"55":6,"56":1,"57":5,"58":1,"59":4,"60":1,"61":3,"62":1,"63":2,"64":1,"65":1,"66":1,"67":0,"68":1,"69":1,"70":1,"71":5,"72":5,"73":5,"74":5,"75":5,"76":5,"77":1,"78":4,"79":1,"80":3,"81":1,"82":2,"83":1,"84":1,"85":1,"86":0,"87":1,"88":1,"89":4,"90":4,"91":2,"92":2,"93":2,"94":2,"95":1,"96":1,"97":1,"98":1,"99":1},"f":{"0":9,"1":5,"2":1,"3":2,"4":3,"5":6,"6":5,"7":2},"b":{"0":[1,8],"1":[7,1],"2":[1],"3":[1,4],"4":[1,3],"5":[1,2],"6":[1,1],"7":[4],"8":[1,1],"9":[1],"10":[1,2],"11":[1,1],"12":[2],"13":[1,5],"14":[1,4],"15":[1,3],"16":[1,2],"17":[1,1],"18":[0,1],"19":[5],"20":[1,4],"21":[1,3],"22":[1,2],"23":[1,1],"24":[0,1],"25":[4],"26":[1,1],"27":[1]},"_coverageSchema":"1a1c01bbd47fc00a2c39e90264f33305004495a9","hash":"a83e0be0e25084a12429acc9b5ddbb77740a9c6a"}
,"/home/wilsonangara/Studyspace/Phase-3/final-project/Ally-Doc/server/services/users/helpers/jwt.js": {"path":"/home/wilsonangara/Studyspace/Phase-3/final-project/Ally-Doc/server/services/users/helpers/jwt.js","statementMap":{"0":{"start":{"line":1,"column":12},"end":{"line":1,"column":35}},"1":{"start":{"line":3,"column":16},"end":{"line":6,"column":1}},"2":{"start":{"line":4,"column":22},"end":{"line":4,"column":75}},"3":{"start":{"line":5,"column":1},"end":{"line":5,"column":21}},"4":{"start":{"line":8,"column":18},"end":{"line":11,"column":1}},"5":{"start":{"line":9,"column":16},"end":{"line":9,"column":64}},"6":{"start":{"line":10,"column":1},"end":{"line":10,"column":17}},"7":{"start":{"line":13,"column":0},"end":{"line":13,"column":40}}},"fnMap":{"0":{"name":"(anonymous_0)","decl":{"start":{"line":3,"column":16},"end":{"line":3,"column":17}},"loc":{"start":{"line":3,"column":37},"end":{"line":6,"column":1}},"line":3},"1":{"name":"(anonymous_1)","decl":{"start":{"line":8,"column":18},"end":{"line":8,"column":19}},"loc":{"start":{"line":8,"column":36},"end":{"line":11,"column":1}},"line":8}},"branchMap":{},"s":{"0":1,"1":1,"2":2,"3":2,"4":1,"5":21,"6":21,"7":1},"f":{"0":2,"1":21},"b":{},"_coverageSchema":"1a1c01bbd47fc00a2c39e90264f33305004495a9","hash":"0336c800ad1b1f38026840445f963461664ceb2b"}
,"/home/wilsonangara/Studyspace/Phase-3/final-project/Ally-Doc/server/services/users/helpers/password.js": {"path":"/home/wilsonangara/Studyspace/Phase-3/final-project/Ally-Doc/server/services/users/helpers/password.js","statementMap":{"0":{"start":{"line":1,"column":15},"end":{"line":1,"column":34}},"1":{"start":{"line":3,"column":21},"end":{"line":6,"column":1}},"2":{"start":{"line":4,"column":22},"end":{"line":4,"column":50}},"3":{"start":{"line":5,"column":1},"end":{"line":5,"column":23}},"4":{"start":{"line":8,"column":22},"end":{"line":11,"column":1}},"5":{"start":{"line":9,"column":23},"end":{"line":9,"column":66}},"6":{"start":{"line":10,"column":1},"end":{"line":10,"column":24}},"7":{"start":{"line":13,"column":0},"end":{"line":13,"column":49}}},"fnMap":{"0":{"name":"(anonymous_0)","decl":{"start":{"line":3,"column":21},"end":{"line":3,"column":22}},"loc":{"start":{"line":3,"column":35},"end":{"line":6,"column":1}},"line":3},"1":{"name":"(anonymous_1)","decl":{"start":{"line":8,"column":22},"end":{"line":8,"column":23}},"loc":{"start":{"line":8,"column":51},"end":{"line":11,"column":1}},"line":8}},"branchMap":{},"s":{"0":1,"1":1,"2":7,"3":7,"4":1,"5":2,"6":2,"7":1},"f":{"0":7,"1":2},"b":{},"_coverageSchema":"1a1c01bbd47fc00a2c39e90264f33305004495a9","hash":"ebf6a4947f91de96afb470309ca818ad7094563e"}
,"/home/wilsonangara/Studyspace/Phase-3/final-project/Ally-Doc/server/services/users/middlewares/auth.js": {"path":"/home/wilsonangara/Studyspace/Phase-3/final-project/Ally-Doc/server/services/users/middlewares/auth.js","statementMap":{"0":{"start":{"line":1,"column":22},"end":{"line":1,"column":50}},"1":{"start":{"line":3,"column":23},"end":{"line":18,"column":1}},"2":{"start":{"line":4,"column":24},"end":{"line":4,"column":35}},"3":{"start":{"line":5,"column":1},"end":{"line":17,"column":2}},"4":{"start":{"line":6,"column":2},"end":{"line":8,"column":3}},"5":{"start":{"line":7,"column":3},"end":{"line":7,"column":53}},"6":{"start":{"line":9,"column":2},"end":{"line":9,"column":9}},"7":{"start":{"line":12,"column":2},"end":{"line":16,"column":3}},"8":{"start":{"line":13,"column":3},"end":{"line":13,"column":13}},"9":{"start":{"line":20,"column":26},"end":{"line":40,"column":1}},"10":{"start":{"line":21,"column":24},"end":{"line":21,"column":35}},"11":{"start":{"line":22,"column":1},"end":{"line":39,"column":2}},"12":{"start":{"line":23,"column":24},"end":{"line":23,"column":47}},"13":{"start":{"line":24,"column":17},"end":{"line":24,"column":32}},"14":{"start":{"line":25,"column":2},"end":{"line":30,"column":3}},"15":{"start":{"line":26,"column":3},"end":{"line":29,"column":5}},"16":{"start":{"line":31,"column":2},"end":{"line":31,"column":9}},"17":{"start":{"line":34,"column":2},"end":{"line":38,"column":3}},"18":{"start":{"line":35,"column":3},"end":{"line":35,"column":13}},"19":{"start":{"line":42,"column":27},"end":{"line":62,"column":1}},"20":{"start":{"line":43,"column":24},"end":{"line":43,"column":35}},"21":{"start":{"line":44,"column":1},"end":{"line":61,"column":2}},"22":{"start":{"line":45,"column":24},"end":{"line":45,"column":47}},"23":{"start":{"line":46,"column":17},"end":{"line":46,"column":32}},"24":{"start":{"line":47,"column":2},"end":{"line":52,"column":3}},"25":{"start":{"line":48,"column":3},"end":{"line":51,"column":5}},"26":{"start":{"line":53,"column":2},"end":{"line":53,"column":9}},"27":{"start":{"line":56,"column":2},"end":{"line":60,"column":3}},"28":{"start":{"line":57,"column":3},"end":{"line":57,"column":13}},"29":{"start":{"line":64,"column":0},"end":{"line":68,"column":2}}},"fnMap":{"0":{"name":"(anonymous_0)","decl":{"start":{"line":3,"column":23},"end":{"line":3,"column":24}},"loc":{"start":{"line":3,"column":49},"end":{"line":18,"column":1}},"line":3},"1":{"name":"(anonymous_1)","decl":{"start":{"line":20,"column":26},"end":{"line":20,"column":27}},"loc":{"start":{"line":20,"column":52},"end":{"line":40,"column":1}},"line":20},"2":{"name":"(anonymous_2)","decl":{"start":{"line":42,"column":27},"end":{"line":42,"column":28}},"loc":{"start":{"line":42,"column":53},"end":{"line":62,"column":1}},"line":42}},"branchMap":{"0":{"loc":{"start":{"line":6,"column":2},"end":{"line":8,"column":3}},"type":"if","locations":[{"start":{"line":6,"column":2},"end":{"line":8,"column":3}},{"start":{"line":6,"column":2},"end":{"line":8,"column":3}}],"line":6},"1":{"loc":{"start":{"line":12,"column":2},"end":{"line":16,"column":3}},"type":"if","locations":[{"start":{"line":12,"column":2},"end":{"line":16,"column":3}}],"line":12},"2":{"loc":{"start":{"line":25,"column":2},"end":{"line":30,"column":3}},"type":"if","locations":[{"start":{"line":25,"column":2},"end":{"line":30,"column":3}},{"start":{"line":25,"column":2},"end":{"line":30,"column":3}}],"line":25},"3":{"loc":{"start":{"line":34,"column":2},"end":{"line":38,"column":3}},"type":"if","locations":[{"start":{"line":34,"column":2},"end":{"line":38,"column":3}}],"line":34},"4":{"loc":{"start":{"line":47,"column":2},"end":{"line":52,"column":3}},"type":"if","locations":[{"start":{"line":47,"column":2},"end":{"line":52,"column":3}},{"start":{"line":47,"column":2},"end":{"line":52,"column":3}}],"line":47},"5":{"loc":{"start":{"line":56,"column":2},"end":{"line":60,"column":3}},"type":"if","locations":[{"start":{"line":56,"column":2},"end":{"line":60,"column":3}}],"line":56}},"s":{"0":1,"1":1,"2":27,"3":27,"4":27,"5":6,"6":21,"7":6,"8":6,"9":1,"10":19,"11":19,"12":19,"13":19,"14":19,"15":1,"16":18,"17":1,"18":1,"19":1,"20":2,"21":2,"22":2,"23":2,"24":2,"25":1,"26":1,"27":1,"28":1,"29":1},"f":{"0":27,"1":19,"2":2},"b":{"0":[6,21],"1":[6],"2":[1,18],"3":[1],"4":[1,1],"5":[1]},"_coverageSchema":"1a1c01bbd47fc00a2c39e90264f33305004495a9","hash":"8d961626f51bea707437c8b4be9eba026902e57c"}
,"/home/wilsonangara/Studyspace/Phase-3/final-project/Ally-Doc/server/services/users/middlewares/errorHandler.js": {"path":"/home/wilsonangara/Studyspace/Phase-3/final-project/Ally-Doc/server/services/users/middlewares/errorHandler.js","statementMap":{"0":{"start":{"line":1,"column":21},"end":{"line":26,"column":1}},"1":{"start":{"line":3,"column":12},"end":{"line":3,"column":27}},"2":{"start":{"line":5,"column":1},"end":{"line":25,"column":2}},"3":{"start":{"line":7,"column":3},"end":{"line":7,"column":34}},"4":{"start":{"line":8,"column":3},"end":{"line":8,"column":33}},"5":{"start":{"line":9,"column":3},"end":{"line":9,"column":9}},"6":{"start":{"line":11,"column":3},"end":{"line":11,"column":43}},"7":{"start":{"line":12,"column":3},"end":{"line":12,"column":33}},"8":{"start":{"line":13,"column":3},"end":{"line":13,"column":9}},"9":{"start":{"line":15,"column":3},"end":{"line":15,"column":52}},"10":{"start":{"line":16,"column":3},"end":{"line":16,"column":33}},"11":{"start":{"line":17,"column":3},"end":{"line":17,"column":9}},"12":{"start":{"line":19,"column":3},"end":{"line":19,"column":38}},"13":{"start":{"line":20,"column":3},"end":{"line":20,"column":33}},"14":{"start":{"line":21,"column":3},"end":{"line":21,"column":9}},"15":{"start":{"line":23,"column":3},"end":{"line":23,"column":58}},"16":{"start":{"line":24,"column":3},"end":{"line":24,"column":9}},"17":{"start":{"line":28,"column":0},"end":{"line":28,"column":30}}},"fnMap":{"0":{"name":"(anonymous_0)","decl":{"start":{"line":1,"column":21},"end":{"line":1,"column":22}},"loc":{"start":{"line":1,"column":46},"end":{"line":26,"column":1}},"line":1}},"branchMap":{"0":{"loc":{"start":{"line":3,"column":12},"end":{"line":3,"column":27}},"type":"binary-expr","locations":[{"start":{"line":3,"column":12},"end":{"line":3,"column":20}},{"start":{"line":3,"column":24},"end":{"line":3,"column":27}}],"line":3},"1":{"loc":{"start":{"line":5,"column":1},"end":{"line":25,"column":2}},"type":"switch","locations":[{"start":{"line":6,"column":2},"end":{"line":9,"column":9}},{"start":{"line":10,"column":2},"end":{"line":13,"column":9}},{"start":{"line":14,"column":2},"end":{"line":17,"column":9}},{"start":{"line":18,"column":2},"end":{"line":21,"column":9}},{"start":{"line":22,"column":2},"end":{"line":24,"column":9}}],"line":5},"2":{"loc":{"start":{"line":7,"column":9},"end":{"line":7,"column":33}},"type":"binary-expr","locations":[{"start":{"line":7,"column":9},"end":{"line":7,"column":16}},{"start":{"line":7,"column":20},"end":{"line":7,"column":33}}],"line":7},"3":{"loc":{"start":{"line":11,"column":9},"end":{"line":11,"column":42}},"type":"binary-expr","locations":[{"start":{"line":11,"column":9},"end":{"line":11,"column":16}},{"start":{"line":11,"column":20},"end":{"line":11,"column":42}}],"line":11},"4":{"loc":{"start":{"line":15,"column":9},"end":{"line":15,"column":51}},"type":"binary-expr","locations":[{"start":{"line":15,"column":9},"end":{"line":15,"column":16}},{"start":{"line":15,"column":20},"end":{"line":15,"column":51}}],"line":15},"5":{"loc":{"start":{"line":19,"column":9},"end":{"line":19,"column":37}},"type":"binary-expr","locations":[{"start":{"line":19,"column":9},"end":{"line":19,"column":16}},{"start":{"line":19,"column":20},"end":{"line":19,"column":37}}],"line":19}},"s":{"0":1,"1":33,"2":33,"3":22,"4":22,"5":22,"6":6,"7":6,"8":6,"9":2,"10":2,"11":2,"12":3,"13":3,"14":3,"15":0,"16":0,"17":1},"f":{"0":33},"b":{"0":[33,0],"1":[22,6,2,3,0],"2":[22,0],"3":[6,0],"4":[2,0],"5":[3,0]},"_coverageSchema":"1a1c01bbd47fc00a2c39e90264f33305004495a9","hash":"6f33deb6dd459e9a740afc3ef795efc937af79e5"}
,"/home/wilsonangara/Studyspace/Phase-3/final-project/Ally-Doc/server/services/users/models/User.js": {"path":"/home/wilsonangara/Studyspace/Phase-3/final-project/Ally-Doc/server/services/users/models/User.js","statementMap":{"0":{"start":{"line":1,"column":17},"end":{"line":1,"column":36}},"1":{"start":{"line":2,"column":19},"end":{"line":2,"column":27}},"2":{"start":{"line":4,"column":19},"end":{"line":34,"column":2}},"3":{"start":{"line":36,"column":0},"end":{"line":36,"column":53}}},"fnMap":{},"branchMap":{},"s":{"0":1,"1":1,"2":1,"3":1},"f":{},"b":{},"_coverageSchema":"1a1c01bbd47fc00a2c39e90264f33305004495a9","hash":"466aff6b51f436e2ed8bead664aede541d004429"}
,"/home/wilsonangara/Studyspace/Phase-3/final-project/Ally-Doc/server/services/users/routes/index.js": {"path":"/home/wilsonangara/Studyspace/Phase-3/final-project/Ally-Doc/server/services/users/routes/index.js","statementMap":{"0":{"start":{"line":1,"column":15},"end":{"line":1,"column":42}},"1":{"start":{"line":2,"column":23},"end":{"line":2,"column":66}},"2":{"start":{"line":7,"column":4},"end":{"line":7,"column":37}},"3":{"start":{"line":9,"column":0},"end":{"line":9,"column":44}},"4":{"start":{"line":10,"column":0},"end":{"line":10,"column":48}},"5":{"start":{"line":12,"column":0},"end":{"line":17,"column":2}},"6":{"start":{"line":18,"column":0},"end":{"line":18,"column":79}},"7":{"start":{"line":20,"column":0},"end":{"line":25,"column":2}},"8":{"start":{"line":26,"column":0},"end":{"line":31,"column":2}},"9":{"start":{"line":32,"column":0},"end":{"line":37,"column":2}},"10":{"start":{"line":39,"column":0},"end":{"line":44,"column":2}},"11":{"start":{"line":46,"column":0},"end":{"line":46,"column":24}}},"fnMap":{},"branchMap":{},"s":{"0":1,"1":1,"2":1,"3":1,"4":1,"5":1,"6":1,"7":1,"8":1,"9":1,"10":1,"11":1},"f":{},"b":{},"_coverageSchema":"1a1c01bbd47fc00a2c39e90264f33305004495a9","hash":"5a878d38234342382d86cf054b65d5946983bcfb"}
}
