TN:
SF:app.js
FNF:0
FNH:0
DA:1,1
DA:3,1
DA:4,1
DA:5,1
DA:6,1
DA:7,1
DA:9,1
DA:10,1
DA:11,1
DA:13,1
DA:15,1
DA:17,1
LF:12
LH:12
BRF:0
BRH:0
end_of_record
TN:
SF:controllers/mainController.js
FN:6,(anonymous_0)
FN:55,(anonymous_1)
FN:100,(anonymous_2)
FN:113,(anonymous_3)
FN:134,(anonymous_4)
FN:166,(anonymous_5)
FN:217,(anonymous_6)
FN:273,(anonymous_7)
FNF:8
FNH:8
FNDA:9,(anonymous_0)
FNDA:5,(anonymous_1)
FNDA:1,(anonymous_2)
FNDA:2,(anonymous_3)
FNDA:3,(anonymous_4)
FNDA:6,(anonymous_5)
FNDA:5,(anonymous_6)
FNDA:2,(anonymous_7)
DA:1,1
DA:2,1
DA:3,1
DA:7,9
DA:8,9
DA:9,1
DA:14,8
DA:17,8
DA:28,8
DA:29,1
DA:34,1
DA:37,8
DA:38,1
DA:56,5
DA:57,5
DA:58,5
DA:59,1
DA:64,4
DA:65,1
DA:70,3
DA:71,3
DA:72,1
DA:77,2
DA:78,2
DA:79,1
DA:84,1
DA:89,1
DA:92,4
DA:93,4
DA:101,1
DA:102,1
DA:106,1
DA:114,2
DA:115,2
DA:116,2
DA:120,2
DA:121,1
DA:123,1
DA:126,1
DA:127,1
DA:135,3
DA:136,3
DA:137,3
DA:138,1
DA:140,2
DA:141,2
DA:142,1
DA:144,1
DA:145,1
DA:153,1
DA:158,2
DA:159,2
DA:167,6
DA:168,6
DA:169,6
DA:170,6
DA:171,1
DA:173,5
DA:174,1
DA:176,4
DA:177,1
DA:179,3
DA:180,1
DA:182,2
DA:183,1
DA:185,1
DA:186,1
DA:187,0
DA:189,1
DA:202,1
DA:206,1
DA:209,5
DA:210,5
DA:218,5
DA:219,5
DA:220,5
DA:221,5
DA:222,1
DA:227,4
DA:228,1
DA:233,3
DA:234,1
DA:239,2
DA:240,1
DA:245,1
DA:246,1
DA:247,0
DA:249,1
DA:262,1
DA:265,4
DA:266,4
DA:274,2
DA:275,2
DA:276,2
DA:277,2
DA:278,1
DA:280,1
DA:283,1
DA:284,1
DA:292,1
LF:100
LH:98
BRDA:8,0,0,1
BRDA:8,0,1,8
BRDA:14,1,0,7
BRDA:14,1,1,1
BRDA:37,2,0,1
BRDA:58,3,0,1
BRDA:58,3,1,4
BRDA:64,4,0,1
BRDA:64,4,1,3
BRDA:71,5,0,1
BRDA:71,5,1,2
BRDA:78,6,0,1
BRDA:78,6,1,1
BRDA:92,7,0,4
BRDA:120,8,0,1
BRDA:120,8,1,1
BRDA:126,9,0,1
BRDA:137,10,0,1
BRDA:137,10,1,2
BRDA:141,11,0,1
BRDA:141,11,1,1
BRDA:158,12,0,2
BRDA:170,13,0,1
BRDA:170,13,1,5
BRDA:173,14,0,1
BRDA:173,14,1,4
BRDA:176,15,0,1
BRDA:176,15,1,3
BRDA:179,16,0,1
BRDA:179,16,1,2
BRDA:182,17,0,1
BRDA:182,17,1,1
BRDA:186,18,0,0
BRDA:186,18,1,1
BRDA:209,19,0,5
BRDA:221,20,0,1
BRDA:221,20,1,4
BRDA:227,21,0,1
BRDA:227,21,1,3
BRDA:233,22,0,1
BRDA:233,22,1,2
BRDA:239,23,0,1
BRDA:239,23,1,1
BRDA:246,24,0,0
BRDA:246,24,1,1
BRDA:265,25,0,4
BRDA:277,26,0,1
BRDA:277,26,1,1
BRDA:283,27,0,1
BRF:49
BRH:47
end_of_record
TN:
SF:helpers/jwt.js
FN:3,(anonymous_0)
FN:8,(anonymous_1)
FNF:2
FNH:2
FNDA:2,(anonymous_0)
FNDA:21,(anonymous_1)
DA:1,1
DA:3,1
DA:4,2
DA:5,2
DA:8,1
DA:9,21
DA:10,21
DA:13,1
LF:8
LH:8
BRF:0
BRH:0
end_of_record
TN:
SF:helpers/password.js
FN:3,(anonymous_0)
FN:8,(anonymous_1)
FNF:2
FNH:2
FNDA:7,(anonymous_0)
FNDA:2,(anonymous_1)
DA:1,1
DA:3,1
DA:4,7
DA:5,7
DA:8,1
DA:9,2
DA:10,2
DA:13,1
LF:8
LH:8
BRF:0
BRH:0
end_of_record
TN:
SF:middlewares/auth.js
FN:3,(anonymous_0)
FN:20,(anonymous_1)
FN:42,(anonymous_2)
FNF:3
FNH:3
FNDA:27,(anonymous_0)
FNDA:19,(anonymous_1)
FNDA:2,(anonymous_2)
DA:1,1
DA:3,1
DA:4,27
DA:5,27
DA:6,27
DA:7,6
DA:9,21
DA:12,6
DA:13,6
DA:20,1
DA:21,19
DA:22,19
DA:23,19
DA:24,19
DA:25,19
DA:26,1
DA:31,18
DA:34,1
DA:35,1
DA:42,1
DA:43,2
DA:44,2
DA:45,2
DA:46,2
DA:47,2
DA:48,1
DA:53,1
DA:56,1
DA:57,1
DA:64,1
LF:30
LH:30
BRDA:6,0,0,6
BRDA:6,0,1,21
BRDA:12,1,0,6
BRDA:25,2,0,1
BRDA:25,2,1,18
BRDA:34,3,0,1
BRDA:47,4,0,1
BRDA:47,4,1,1
BRDA:56,5,0,1
BRF:9
BRH:9
end_of_record
TN:
SF:middlewares/errorHandler.js
FN:1,(anonymous_0)
FNF:1
FNH:1
FNDA:33,(anonymous_0)
DA:1,1
DA:3,33
DA:5,33
DA:7,22
DA:8,22
DA:9,22
DA:11,6
DA:12,6
DA:13,6
DA:15,2
DA:16,2
DA:17,2
DA:19,3
DA:20,3
DA:21,3
DA:23,0
DA:24,0
DA:28,1
LF:18
LH:16
BRDA:3,0,0,33
BRDA:3,0,1,0
BRDA:5,1,0,22
BRDA:5,1,1,6
BRDA:5,1,2,2
BRDA:5,1,3,3
BRDA:5,1,4,0
BRDA:7,2,0,22
BRDA:7,2,1,0
BRDA:11,3,0,6
BRDA:11,3,1,0
BRDA:15,4,0,2
BRDA:15,4,1,0
BRDA:19,5,0,3
BRDA:19,5,1,0
BRF:15
BRH:9
end_of_record
TN:
SF:models/User.js
FNF:0
FNH:0
DA:1,1
DA:2,1
DA:4,1
DA:36,1
LF:4
LH:4
BRF:0
BRH:0
end_of_record
TN:
SF:routes/index.js
FNF:0
FNH:0
DA:1,1
DA:2,1
DA:7,1
DA:9,1
DA:10,1
DA:12,1
DA:18,1
DA:20,1
DA:26,1
DA:32,1
DA:39,1
DA:46,1
LF:12
LH:12
BRF:0
BRH:0
end_of_record
